INFO:Ocpp_Server:Connected to the RMQ Broker
INFO:websockets.server:server listening on 0.0.0.0:9000
INFO:Ocpp_Server:WebSocket Server Started
INFO:     Started server process [16712]
INFO:     Waiting for application startup.
API - INFO - Connected to the RMQ Broker
INFO:     Application startup complete.
INFO:     Uvicorn running on http://0.0.0.0:8000 (Press CTRL+C to quit)
SQL_DB - INFO - Connected to the database
SQL_DB - INFO - Connected to the RMQ Broker
INFO:Ocpp_Server:RabbitMQ SENDING Message: {"destination": "SQL_DB", "origin": "Ocpp_Server", "method": "verify_password", "type": "request", "content": {"CP_ID": "CP_1", "password": "12345678901234567890"}, "cp_id": "CP_1", "status": null}
SQL_DB - INFO - RECEIVED: {'destination': 'SQL_DB', 'origin': 'Ocpp_Server', 'method': 'verify_password', 'type': 'request', 'content': {'CP_ID': 'CP_1', 'password': '12345678901234567890'}, 'cp_id': 'CP_1', 'status': None}
SQL_DB - INFO - RabbitMQ SENDING Message: {"destination": "Ocpp_Server", "origin": "SQL_DB", "method": "verify_password", "type": "response", "content": {"approved": true}, "cp_id": "CP_1", "status": "OK"}
INFO:Ocpp_Server:RESPONSE: {'destination': 'Ocpp_Server', 'origin': 'SQL_DB', 'method': 'verify_password', 'type': 'response', 'content': {'approved': True}, 'cp_id': 'CP_1', 'status': 'OK'}
INFO:websockets.server:connection open
INFO:Ocpp_Server:Protocols Matched: ocpp2.0.1
INFO:ocpp:CP_1: receive message [2,"7f9ad504-0808-4ccd-ace5-5a65dc2199c0","BootNotification",{"chargingStation":{"model":"qocpp","vendorName":"Trialog"},"reason":"PowerUp"}]
INFO:Ocpp_Server:RabbitMQ SENDING Message: {"destination": null, "origin": "Ocpp_Server", "method": "BootNotification", "type": "ocpp_log", "content": {"charging_station": {"model": "qocpp", "vendor_name": "Trialog"}, "reason": "PowerUp", "timestamp": "2023-03-29T08:01:32.885112"}, "cp_id": "CP_1", "status": null}
INFO:ocpp:CP_1: send [3,"7f9ad504-0808-4ccd-ace5-5a65dc2199c0",{"currentTime":"2023-03-29T08:01:32.886927","interval":30,"status":"Accepted"}]
SQL_DB - INFO - RECEIVED: {'destination': None, 'origin': 'Ocpp_Server', 'method': 'BootNotification', 'type': 'ocpp_log', 'content': {'charging_station': {'model': 'qocpp', 'vendor_name': 'Trialog'}, 'reason': 'PowerUp', 'timestamp': '2023-03-29T08:01:32.885112'}, 'cp_id': 'CP_1', 'status': None}
API - INFO - RECEIVED: {'destination': None, 'origin': 'Ocpp_Server', 'method': 'BootNotification', 'type': 'ocpp_log', 'content': {'charging_station': {'model': 'qocpp', 'vendor_name': 'Trialog'}, 'reason': 'PowerUp', 'timestamp': '2023-03-29T08:01:32.885112'}, 'cp_id': 'CP_1', 'status': None}
INFO:ocpp:CP_1: send [2,"285d2e65-e08b-4c35-ac10-805be35510be","GetChargingProfiles",{"requestId":72,"chargingProfile":{"chargingProfilePurpose":"ChargingStationExternalConstraints"}}]
INFO:ocpp:CP_1: receive message [2,"566e4768-8f62-4d1a-804c-b6521740901e","SecurityEventNotification",{"timestamp":"2023-03-29T08:01:33Z","type":"ResetOrReboot"}]
ERROR:ocpp:Error while handling request '<Call - unique_id=566e4768-8f62-4d1a-804c-b6521740901e, action=SecurityEventNotification, payload={'timestamp': '2023-03-29T08:01:33Z', 'type': 'ResetOrReboot'}>'
Traceback (most recent call last):
  File "/home/it2s/.local/lib/python3.10/site-packages/ocpp/charge_point.py", line 172, in _handle_call
    handlers = self.route_map[msg.action]
KeyError: 'SecurityEventNotification'

During handling of the above exception, another exception occurred:

Traceback (most recent call last):
  File "/home/it2s/.local/lib/python3.10/site-packages/ocpp/charge_point.py", line 150, in route_message
    await self._handle_call(msg)
  File "/home/it2s/.local/lib/python3.10/site-packages/ocpp/charge_point.py", line 174, in _handle_call
    raise NotSupportedError(
ocpp.exceptions.NotSupportedError: NotSupportedError: Request Action is recognized but not supported by the receiver, {'cause': 'No handler for SecurityEventNotification registered.'}
INFO:ocpp:CP_1: send [4,"566e4768-8f62-4d1a-804c-b6521740901e","NotSupported","Request Action is recognized but not supported by the receiver",{"cause":"No handler for SecurityEventNotification registered."}]
INFO:ocpp:CP_1: receive message [3,"285d2e65-e08b-4c35-ac10-805be35510be",{"status":"NoProfiles"}]
INFO:ocpp:CP_1: receive message [2,"26e8a0b4-5c4b-4b6f-bfbe-20adc62a9026","StatusNotification",{"connectorId":1,"connectorStatus":"Occupied","evseId":1,"timestamp":"2023-03-29T08:01:33Z"}]
INFO:Ocpp_Server:RabbitMQ SENDING Message: {"destination": null, "origin": "Ocpp_Server", "method": "StatusNotification", "type": "ocpp_log", "content": {"connector_id": 1, "connector_status": "Occupied", "evse_id": 1, "timestamp": "2023-03-29T08:01:33Z"}, "cp_id": "CP_1", "status": null}
INFO:ocpp:CP_1: send [3,"26e8a0b4-5c4b-4b6f-bfbe-20adc62a9026",{}]
API - INFO - RECEIVED: {'destination': None, 'origin': 'Ocpp_Server', 'method': 'StatusNotification', 'type': 'ocpp_log', 'content': {'connector_id': 1, 'connector_status': 'Occupied', 'evse_id': 1, 'timestamp': '2023-03-29T08:01:33Z'}, 'cp_id': 'CP_1', 'status': None}
SQL_DB - INFO - RECEIVED: {'destination': None, 'origin': 'Ocpp_Server', 'method': 'StatusNotification', 'type': 'ocpp_log', 'content': {'connector_id': 1, 'connector_status': 'Occupied', 'evse_id': 1, 'timestamp': '2023-03-29T08:01:33Z'}, 'cp_id': 'CP_1', 'status': None}
INFO:ocpp:CP_1: receive message [2,"d2586a78-1506-4003-9106-053e469c4f33","StatusNotification",{"connectorId":1,"connectorStatus":"Occupied","evseId":1,"timestamp":"2023-03-29T08:01:27Z"}]
INFO:Ocpp_Server:RabbitMQ SENDING Message: {"destination": null, "origin": "Ocpp_Server", "method": "StatusNotification", "type": "ocpp_log", "content": {"connector_id": 1, "connector_status": "Occupied", "evse_id": 1, "timestamp": "2023-03-29T08:01:27Z"}, "cp_id": "CP_1", "status": null}
INFO:ocpp:CP_1: send [3,"d2586a78-1506-4003-9106-053e469c4f33",{}]
SQL_DB - INFO - RECEIVED: {'destination': None, 'origin': 'Ocpp_Server', 'method': 'StatusNotification', 'type': 'ocpp_log', 'content': {'connector_id': 1, 'connector_status': 'Occupied', 'evse_id': 1, 'timestamp': '2023-03-29T08:01:27Z'}, 'cp_id': 'CP_1', 'status': None}
API - INFO - RECEIVED: {'destination': None, 'origin': 'Ocpp_Server', 'method': 'StatusNotification', 'type': 'ocpp_log', 'content': {'connector_id': 1, 'connector_status': 'Occupied', 'evse_id': 1, 'timestamp': '2023-03-29T08:01:27Z'}, 'cp_id': 'CP_1', 'status': None}
INFO:ocpp:CP_1: receive message [2,"c22ac951-4ef7-48aa-a299-53222d7d15aa","StatusNotification",{"connectorId":1,"connectorStatus":"Available","evseId":1,"timestamp":"2023-03-29T08:01:33Z"}]
INFO:Ocpp_Server:RabbitMQ SENDING Message: {"destination": null, "origin": "Ocpp_Server", "method": "StatusNotification", "type": "ocpp_log", "content": {"connector_id": 1, "connector_status": "Available", "evse_id": 1, "timestamp": "2023-03-29T08:01:33Z"}, "cp_id": "CP_1", "status": null}
INFO:ocpp:CP_1: send [3,"c22ac951-4ef7-48aa-a299-53222d7d15aa",{}]
SQL_DB - INFO - RECEIVED: {'destination': None, 'origin': 'Ocpp_Server', 'method': 'StatusNotification', 'type': 'ocpp_log', 'content': {'connector_id': 1, 'connector_status': 'Available', 'evse_id': 1, 'timestamp': '2023-03-29T08:01:33Z'}, 'cp_id': 'CP_1', 'status': None}
API - INFO - RECEIVED: {'destination': None, 'origin': 'Ocpp_Server', 'method': 'StatusNotification', 'type': 'ocpp_log', 'content': {'connector_id': 1, 'connector_status': 'Available', 'evse_id': 1, 'timestamp': '2023-03-29T08:01:33Z'}, 'cp_id': 'CP_1', 'status': None}
API - INFO - RabbitMQ SENDING Message: {"destination": "Ocpp_Server", "origin": "API", "method": "requestStartTransaction", "type": "request", "content": {"id_token": {"id_token": "1dee35d6-ed03-4882-9762-86197f258a74", "type": "ISO14443", "additional_info": null}, "remote_start_id": null, "evse_id": 1, "group_id_token": null, "charging_profile": null}, "cp_id": "CP_1", "status": null}
INFO:Ocpp_Server:RECEIVED: {'destination': 'Ocpp_Server', 'origin': 'API', 'method': 'requestStartTransaction', 'type': 'request', 'content': {'id_token': {'id_token': '1dee35d6-ed03-4882-9762-86197f258a74', 'type': 'ISO14443', 'additional_info': None}, 'remote_start_id': None, 'evse_id': 1, 'group_id_token': None, 'charging_profile': None}, 'cp_id': 'CP_1', 'status': None}
INFO:ocpp:CP_1: send [2,"7b292775-0cac-42ef-883b-05d332e018aa","RequestStartTransaction",{"idToken":{"idToken":"1dee35d6-ed03-4882-9762-86197f258a74","type":"ISO14443"},"remoteStartId":73,"evseId":1}]
INFO:ocpp:CP_1: receive message [3,"7b292775-0cac-42ef-883b-05d332e018aa",{"status":"Accepted"}]
INFO:Ocpp_Server:RabbitMQ SENDING Message: {"destination": "API", "origin": "Ocpp_Server", "method": "requestStartTransaction", "type": "response", "content": {"status": "Accepted", "status_info": null, "transaction_id": null}, "cp_id": "CP_1", "status": "OK"}
API - INFO - RESPONSE: {'destination': 'API', 'origin': 'Ocpp_Server', 'method': 'requestStartTransaction', 'type': 'response', 'content': {'status': 'Accepted', 'status_info': None, 'transaction_id': None}, 'cp_id': 'CP_1', 'status': 'OK'}
INFO:     127.0.0.1:45954 - "POST /charge/start?evse_id=1&cp_id=CP_1 HTTP/1.1" 200 OK
INFO:ocpp:CP_1: receive message [2,"b73f79b4-8fc4-4816-9984-03a167e9243e","StatusNotification",{"connectorId":1,"connectorStatus":"Occupied","evseId":1,"timestamp":"2023-03-29T08:01:50Z"}]
INFO:Ocpp_Server:RabbitMQ SENDING Message: {"destination": null, "origin": "Ocpp_Server", "method": "StatusNotification", "type": "ocpp_log", "content": {"connector_id": 1, "connector_status": "Occupied", "evse_id": 1, "timestamp": "2023-03-29T08:01:50Z"}, "cp_id": "CP_1", "status": null}
INFO:ocpp:CP_1: send [3,"b73f79b4-8fc4-4816-9984-03a167e9243e",{}]
API - INFO - RECEIVED: {'destination': None, 'origin': 'Ocpp_Server', 'method': 'StatusNotification', 'type': 'ocpp_log', 'content': {'connector_id': 1, 'connector_status': 'Occupied', 'evse_id': 1, 'timestamp': '2023-03-29T08:01:50Z'}, 'cp_id': 'CP_1', 'status': None}
SQL_DB - INFO - RECEIVED: {'destination': None, 'origin': 'Ocpp_Server', 'method': 'StatusNotification', 'type': 'ocpp_log', 'content': {'connector_id': 1, 'connector_status': 'Occupied', 'evse_id': 1, 'timestamp': '2023-03-29T08:01:50Z'}, 'cp_id': 'CP_1', 'status': None}
INFO:ocpp:CP_1: receive message [2,"f78cafa8-3b40-4e40-80ec-afa45a81b924","TransactionEvent",{"eventType":"Started","evse":{"connectorId":1,"id":1},"idToken":{"idToken":"1dee35d6-ed03-4882-9762-86197f258a74","type":"ISO14443"},"meterValue":[{"sampledValue":[{"context":"Transaction.Begin","measurand":"Energy.Active.Import.Register","value":0},{"context":"Transaction.Begin","measurand":"Energy.Active.Import.Register","phase":"L1","value":0},{"context":"Transaction.Begin","measurand":"Energy.Active.Import.Register","phase":"L2","value":0},{"context":"Transaction.Begin","measurand":"Energy.Active.Import.Register","phase":"L3","value":0}],"timestamp":"2023-03-29T08:01:50Z"}],"offline":false,"seqNo":0,"timestamp":"2023-03-29T08:01:50Z","transactionInfo":{"chargingState":"EVConnected","remoteStartId":73,"transactionId":"d14af2df-b441-48fe-9714-85e301f78ed1"},"triggerReason":"CablePluggedIn"}]
INFO:Ocpp_Server:RabbitMQ SENDING Message: {"destination": null, "origin": "Ocpp_Server", "method": "TransactionEvent", "type": "ocpp_log", "content": {"event_type": "Started", "evse": {"connector_id": 1, "id": 1}, "id_token": {"id_token": "1dee35d6-ed03-4882-9762-86197f258a74", "type": "ISO14443"}, "meter_value": [{"sampled_value": [{"context": "Transaction.Begin", "measurand": "Energy.Active.Import.Register", "value": 0}, {"context": "Transaction.Begin", "measurand": "Energy.Active.Import.Register", "phase": "L1", "value": 0}, {"context": "Transaction.Begin", "measurand": "Energy.Active.Import.Register", "phase": "L2", "value": 0}, {"context": "Transaction.Begin", "measurand": "Energy.Active.Import.Register", "phase": "L3", "value": 0}], "timestamp": "2023-03-29T08:01:50Z"}], "offline": false, "seq_no": 0, "timestamp": "2023-03-29T08:01:50Z", "transaction_info": {"charging_state": "EVConnected", "remote_start_id": 73, "transaction_id": "d14af2df-b441-48fe-9714-85e301f78ed1"}, "trigger_reason": "CablePluggedIn"}, "cp_id": "CP_1", "status": null}
INFO:Ocpp_Server:RabbitMQ SENDING Message: {"destination": "SQL_DB", "origin": "Ocpp_Server", "method": "select", "type": "request", "content": {"table": "IdToken", "filters": {"id_token": "1dee35d6-ed03-4882-9762-86197f258a74"}, "mode": {"id_token_info": {"group_id_token": {}, "evse": {}}}}, "cp_id": "CP_1", "status": null}
API - INFO - RECEIVED: {'destination': None, 'origin': 'Ocpp_Server', 'method': 'TransactionEvent', 'type': 'ocpp_log', 'content': {'event_type': 'Started', 'evse': {'connector_id': 1, 'id': 1}, 'id_token': {'id_token': '1dee35d6-ed03-4882-9762-86197f258a74', 'type': 'ISO14443'}, 'meter_value': [{'sampled_value': [{'context': 'Transaction.Begin', 'measurand': 'Energy.Active.Import.Register', 'value': 0}, {'context': 'Transaction.Begin', 'measurand': 'Energy.Active.Import.Register', 'phase': 'L1', 'value': 0}, {'context': 'Transaction.Begin', 'measurand': 'Energy.Active.Import.Register', 'phase': 'L2', 'value': 0}, {'context': 'Transaction.Begin', 'measurand': 'Energy.Active.Import.Register', 'phase': 'L3', 'value': 0}], 'timestamp': '2023-03-29T08:01:50Z'}], 'offline': False, 'seq_no': 0, 'timestamp': '2023-03-29T08:01:50Z', 'transaction_info': {'charging_state': 'EVConnected', 'remote_start_id': 73, 'transaction_id': 'd14af2df-b441-48fe-9714-85e301f78ed1'}, 'trigger_reason': 'CablePluggedIn'}, 'cp_id': 'CP_1', 'status': None}
SQL_DB - INFO - RECEIVED: {'destination': None, 'origin': 'Ocpp_Server', 'method': 'TransactionEvent', 'type': 'ocpp_log', 'content': {'event_type': 'Started', 'evse': {'connector_id': 1, 'id': 1}, 'id_token': {'id_token': '1dee35d6-ed03-4882-9762-86197f258a74', 'type': 'ISO14443'}, 'meter_value': [{'sampled_value': [{'context': 'Transaction.Begin', 'measurand': 'Energy.Active.Import.Register', 'value': 0}, {'context': 'Transaction.Begin', 'measurand': 'Energy.Active.Import.Register', 'phase': 'L1', 'value': 0}, {'context': 'Transaction.Begin', 'measurand': 'Energy.Active.Import.Register', 'phase': 'L2', 'value': 0}, {'context': 'Transaction.Begin', 'measurand': 'Energy.Active.Import.Register', 'phase': 'L3', 'value': 0}], 'timestamp': '2023-03-29T08:01:50Z'}], 'offline': False, 'seq_no': 0, 'timestamp': '2023-03-29T08:01:50Z', 'transaction_info': {'charging_state': 'EVConnected', 'remote_start_id': 73, 'transaction_id': 'd14af2df-b441-48fe-9714-85e301f78ed1'}, 'trigger_reason': 'CablePluggedIn'}, 'cp_id': 'CP_1', 'status': None}
SQL_DB - INFO - RECEIVED: {'destination': 'SQL_DB', 'origin': 'Ocpp_Server', 'method': 'select', 'type': 'request', 'content': {'table': 'IdToken', 'filters': {'id_token': '1dee35d6-ed03-4882-9762-86197f258a74'}, 'mode': {'id_token_info': {'group_id_token': {}, 'evse': {}}}}, 'cp_id': 'CP_1', 'status': None}
SQL_DB - INFO - RabbitMQ SENDING Message: {"destination": "Ocpp_Server", "origin": "SQL_DB", "method": "select", "type": "response", "content": [{"id_token": "1dee35d6-ed03-4882-9762-86197f258a74", "type": "ISO14443", "id_token_info": {"cache_expiry_date_time": null, "language1": "PT", "valid": true, "charging_priority": null, "language2": null, "group_id_token": null, "evse": [1, 2]}}], "cp_id": "CP_1", "status": "OK"}
INFO:Ocpp_Server:RESPONSE: {'destination': 'Ocpp_Server', 'origin': 'SQL_DB', 'method': 'select', 'type': 'response', 'content': [{'id_token': '1dee35d6-ed03-4882-9762-86197f258a74', 'type': 'ISO14443', 'id_token_info': {'cache_expiry_date_time': None, 'language1': 'PT', 'valid': True, 'charging_priority': None, 'language2': None, 'group_id_token': None, 'evse': [1, 2]}}], 'cp_id': 'CP_1', 'status': 'OK'}
INFO:Ocpp_Server:RabbitMQ SENDING Message: {"destination": "SQL_DB", "origin": "Ocpp_Server", "method": "select", "type": "request", "content": {"table": "EVSE", "filters": {"cp_id": "CP_1"}}, "cp_id": "CP_1", "status": null}
SQL_DB - INFO - RECEIVED: {'destination': 'SQL_DB', 'origin': 'Ocpp_Server', 'method': 'select', 'type': 'request', 'content': {'table': 'EVSE', 'filters': {'cp_id': 'CP_1'}}, 'cp_id': 'CP_1', 'status': None}
SQL_DB - INFO - RabbitMQ SENDING Message: {"destination": "Ocpp_Server", "origin": "SQL_DB", "method": "select", "type": "response", "content": [{"cp_id": "CP_1", "evse_id": 1}, {"cp_id": "CP_1", "evse_id": 2}, {"cp_id": "CP_1", "evse_id": 3}], "cp_id": "CP_1", "status": "OK"}
INFO:Ocpp_Server:RESPONSE: {'destination': 'Ocpp_Server', 'origin': 'SQL_DB', 'method': 'select', 'type': 'response', 'content': [{'cp_id': 'CP_1', 'evse_id': 1}, {'cp_id': 'CP_1', 'evse_id': 2}, {'cp_id': 'CP_1', 'evse_id': 3}], 'cp_id': 'CP_1', 'status': 'OK'}
INFO:ocpp:CP_1: send [3,"f78cafa8-3b40-4e40-80ec-afa45a81b924",{"idTokenInfo":{"language1":"PT","evseId":[1,2],"status":"Accepted"}}]
INFO:ocpp:CP_1: receive message [2,"c82c15a7-ef8c-46c8-9d39-be28efc971dd","Heartbeat",{}]
INFO:ocpp:CP_1: send [3,"c82c15a7-ef8c-46c8-9d39-be28efc971dd",{"currentTime":"2023-03-29T08:02:03.514964"}]
INFO:Ocpp_Server:RabbitMQ SENDING Message: {"destination": null, "origin": "Ocpp_Server", "method": "update", "type": "ocpp_log", "content": {"table": "Charge_Point", "filters": {"cp_id": "CP_1"}, "values": {"is_online": true}}, "cp_id": "CP_1", "status": null}
SQL_DB - INFO - RECEIVED: {'destination': None, 'origin': 'Ocpp_Server', 'method': 'update', 'type': 'ocpp_log', 'content': {'table': 'Charge_Point', 'filters': {'cp_id': 'CP_1'}, 'values': {'is_online': True}}, 'cp_id': 'CP_1', 'status': None}
API - INFO - RECEIVED: {'destination': None, 'origin': 'Ocpp_Server', 'method': 'update', 'type': 'ocpp_log', 'content': {'table': 'Charge_Point', 'filters': {'cp_id': 'CP_1'}, 'values': {'is_online': True}}, 'cp_id': 'CP_1', 'status': None}
INFO:ocpp:CP_1: receive message [2,"35fa4e28-9d4b-44cf-902e-031f4fbc60fe","NotifyEVChargingNeeds",{"chargingNeeds":{"dcChargingParameters":{"bulkSoC":80,"energyAmount":29400,"evEnergyCapacity":42000,"evMaxCurrent":100,"evMaxPower":100000,"evMaxVoltage":1000,"fullSoC":100,"stateOfCharge":30},"departureTime":"2023-03-30T08:02:29.082Z","requestedEnergyTransfer":"DC"},"evseId":1,"maxScheduleTuples":1024}]
INFO:ocpp:CP_1: send [3,"35fa4e28-9d4b-44cf-902e-031f4fbc60fe",{"status":"Accepted"}]
INFO:ocpp:CP_1: receive message [2,"a4691755-4d52-4517-86d1-aa74c2f96483","Heartbeat",{}]
INFO:ocpp:CP_1: send [3,"a4691755-4d52-4517-86d1-aa74c2f96483",{"currentTime":"2023-03-29T08:02:33.522524"}]
INFO:ocpp:CP_1: receive message [2,"098cbea3-2a64-4b45-b1dd-d832c05ed936","NotifyEVChargingSchedule",{"chargingSchedule":{"chargingRateUnit":"W","chargingSchedulePeriod":[{"limit":50000,"numberPhases":3,"startPeriod":0}],"id":1,"startSchedule":"2023-03-29T08:02:45Z"},"evseId":1,"timeBase":"2023-03-29T08:02:45Z"}]
INFO:ocpp:CP_1: send [3,"098cbea3-2a64-4b45-b1dd-d832c05ed936",{"status":"Accepted"}]
INFO:ocpp:CP_1: receive message [2,"355e2b75-973b-4f07-b01b-2439d9ad6c58","Heartbeat",{}]
INFO:ocpp:CP_1: send [3,"355e2b75-973b-4f07-b01b-2439d9ad6c58",{"currentTime":"2023-03-29T08:03:03.809367"}]
INFO:ocpp:CP_1: receive message [2,"251975ab-f7b6-40e9-862f-541e0e9aea3e","Heartbeat",{}]
INFO:ocpp:CP_1: send [3,"251975ab-f7b6-40e9-862f-541e0e9aea3e",{"currentTime":"2023-03-29T08:03:33.576451"}]
INFO:ocpp:CP_1: receive message [2,"06be65f0-6de9-4d5e-9c05-22e797cdab7d","Heartbeat",{}]
INFO:ocpp:CP_1: send [3,"06be65f0-6de9-4d5e-9c05-22e797cdab7d",{"currentTime":"2023-03-29T08:04:03.586267"}]
INFO:ocpp:CP_1: receive message [2,"f9195e8b-9bb5-41ac-a46a-a058a3a51769","Heartbeat",{}]
INFO:ocpp:CP_1: send [3,"f9195e8b-9bb5-41ac-a46a-a058a3a51769",{"currentTime":"2023-03-29T08:04:33.805900"}]
INFO:ocpp:CP_1: receive message [2,"c45d3af3-3554-4f09-ba89-ae5f4c3c3994","Heartbeat",{}]
INFO:ocpp:CP_1: send [3,"c45d3af3-3554-4f09-ba89-ae5f4c3c3994",{"currentTime":"2023-03-29T08:05:03.547458"}]
INFO:ocpp:CP_1: receive message [2,"737ee114-2495-458a-95b3-7afdb13c43df","Heartbeat",{}]
INFO:ocpp:CP_1: send [3,"737ee114-2495-458a-95b3-7afdb13c43df",{"currentTime":"2023-03-29T08:05:33.703797"}]
WARNING:Ocpp_Server:CP closed the connection
INFO:Ocpp_Server:RabbitMQ SENDING Message: {"destination": null, "origin": "Ocpp_Server", "method": "update", "type": "ocpp_log", "content": {"table": "Charge_Point", "filters": {"cp_id": "CP_1"}, "values": {"is_online": false}}, "cp_id": "CP_1", "status": null}
INFO:websockets.server:connection closed
SQL_DB - INFO - RECEIVED: {'destination': None, 'origin': 'Ocpp_Server', 'method': 'update', 'type': 'ocpp_log', 'content': {'table': 'Charge_Point', 'filters': {'cp_id': 'CP_1'}, 'values': {'is_online': False}}, 'cp_id': 'CP_1', 'status': None}
API - INFO - RECEIVED: {'destination': None, 'origin': 'Ocpp_Server', 'method': 'update', 'type': 'ocpp_log', 'content': {'table': 'Charge_Point', 'filters': {'cp_id': 'CP_1'}, 'values': {'is_online': False}}, 'cp_id': 'CP_1', 'status': None}
INFO:Ocpp_Server:RabbitMQ SENDING Message: {"destination": "SQL_DB", "origin": "Ocpp_Server", "method": "verify_password", "type": "request", "content": {"CP_ID": "CP_1", "password": "12345678901234567890"}, "cp_id": "CP_1", "status": null}
SQL_DB - INFO - RECEIVED: {'destination': 'SQL_DB', 'origin': 'Ocpp_Server', 'method': 'verify_password', 'type': 'request', 'content': {'CP_ID': 'CP_1', 'password': '12345678901234567890'}, 'cp_id': 'CP_1', 'status': None}
SQL_DB - INFO - RabbitMQ SENDING Message: {"destination": "Ocpp_Server", "origin": "SQL_DB", "method": "verify_password", "type": "response", "content": {"approved": true}, "cp_id": "CP_1", "status": "OK"}
INFO:Ocpp_Server:RESPONSE: {'destination': 'Ocpp_Server', 'origin': 'SQL_DB', 'method': 'verify_password', 'type': 'response', 'content': {'approved': True}, 'cp_id': 'CP_1', 'status': 'OK'}
INFO:websockets.server:connection open
INFO:Ocpp_Server:Protocols Matched: ocpp2.0.1
INFO:ocpp:CP_1: receive message [2,"8663c3a4-5fd2-4deb-b690-14789ab106a2","BootNotification",{"chargingStation":{"model":"qocpp","vendorName":"Trialog"},"reason":"PowerUp"}]
INFO:Ocpp_Server:RabbitMQ SENDING Message: {"destination": null, "origin": "Ocpp_Server", "method": "BootNotification", "type": "ocpp_log", "content": {"charging_station": {"model": "qocpp", "vendor_name": "Trialog"}, "reason": "PowerUp", "timestamp": "2023-03-29T08:06:04.518098"}, "cp_id": "CP_1", "status": null}
INFO:ocpp:CP_1: send [3,"8663c3a4-5fd2-4deb-b690-14789ab106a2",{"currentTime":"2023-03-29T08:06:04.523801","interval":30,"status":"Accepted"}]
SQL_DB - INFO - RECEIVED: {'destination': None, 'origin': 'Ocpp_Server', 'method': 'BootNotification', 'type': 'ocpp_log', 'content': {'charging_station': {'model': 'qocpp', 'vendor_name': 'Trialog'}, 'reason': 'PowerUp', 'timestamp': '2023-03-29T08:06:04.518098'}, 'cp_id': 'CP_1', 'status': None}
INFO:ocpp:CP_1: send [2,"d187e10c-3f00-439c-8a03-b3f0cede1708","GetChargingProfiles",{"requestId":74,"chargingProfile":{"chargingProfilePurpose":"ChargingStationExternalConstraints"}}]
API - INFO - RECEIVED: {'destination': None, 'origin': 'Ocpp_Server', 'method': 'BootNotification', 'type': 'ocpp_log', 'content': {'charging_station': {'model': 'qocpp', 'vendor_name': 'Trialog'}, 'reason': 'PowerUp', 'timestamp': '2023-03-29T08:06:04.518098'}, 'cp_id': 'CP_1', 'status': None}
INFO:ocpp:CP_1: receive message [2,"960a2ce9-53b5-498c-bb0c-50f201e91ad7","SecurityEventNotification",{"timestamp":"2023-03-29T08:06:04Z","type":"ResetOrReboot"}]
ERROR:ocpp:Error while handling request '<Call - unique_id=960a2ce9-53b5-498c-bb0c-50f201e91ad7, action=SecurityEventNotification, payload={'timestamp': '2023-03-29T08:06:04Z', 'type': 'ResetOrReboot'}>'
Traceback (most recent call last):
  File "/home/it2s/.local/lib/python3.10/site-packages/ocpp/charge_point.py", line 172, in _handle_call
    handlers = self.route_map[msg.action]
KeyError: 'SecurityEventNotification'

During handling of the above exception, another exception occurred:

Traceback (most recent call last):
  File "/home/it2s/.local/lib/python3.10/site-packages/ocpp/charge_point.py", line 150, in route_message
    await self._handle_call(msg)
  File "/home/it2s/.local/lib/python3.10/site-packages/ocpp/charge_point.py", line 174, in _handle_call
    raise NotSupportedError(
ocpp.exceptions.NotSupportedError: NotSupportedError: Request Action is recognized but not supported by the receiver, {'cause': 'No handler for SecurityEventNotification registered.'}
INFO:ocpp:CP_1: send [4,"960a2ce9-53b5-498c-bb0c-50f201e91ad7","NotSupported","Request Action is recognized but not supported by the receiver",{"cause":"No handler for SecurityEventNotification registered."}]
INFO:ocpp:CP_1: receive message [3,"d187e10c-3f00-439c-8a03-b3f0cede1708",{"status":"NoProfiles"}]
INFO:ocpp:CP_1: receive message [2,"ebd7782d-5dd0-4f5f-876f-8badcb0587a8","StatusNotification",{"connectorId":1,"connectorStatus":"Occupied","evseId":1,"timestamp":"2023-03-29T08:06:04Z"}]
INFO:Ocpp_Server:RabbitMQ SENDING Message: {"destination": null, "origin": "Ocpp_Server", "method": "StatusNotification", "type": "ocpp_log", "content": {"connector_id": 1, "connector_status": "Occupied", "evse_id": 1, "timestamp": "2023-03-29T08:06:04Z"}, "cp_id": "CP_1", "status": null}
INFO:ocpp:CP_1: send [3,"ebd7782d-5dd0-4f5f-876f-8badcb0587a8",{}]
SQL_DB - INFO - RECEIVED: {'destination': None, 'origin': 'Ocpp_Server', 'method': 'StatusNotification', 'type': 'ocpp_log', 'content': {'connector_id': 1, 'connector_status': 'Occupied', 'evse_id': 1, 'timestamp': '2023-03-29T08:06:04Z'}, 'cp_id': 'CP_1', 'status': None}
API - INFO - RECEIVED: {'destination': None, 'origin': 'Ocpp_Server', 'method': 'StatusNotification', 'type': 'ocpp_log', 'content': {'connector_id': 1, 'connector_status': 'Occupied', 'evse_id': 1, 'timestamp': '2023-03-29T08:06:04Z'}, 'cp_id': 'CP_1', 'status': None}
INFO:ocpp:CP_1: receive message [2,"c5b723e9-cfc4-4952-9481-dbb47bdc1d2c","StatusNotification",{"connectorId":1,"connectorStatus":"Occupied","evseId":1,"timestamp":"2023-03-29T08:06:09Z"}]
INFO:Ocpp_Server:RabbitMQ SENDING Message: {"destination": null, "origin": "Ocpp_Server", "method": "StatusNotification", "type": "ocpp_log", "content": {"connector_id": 1, "connector_status": "Occupied", "evse_id": 1, "timestamp": "2023-03-29T08:06:09Z"}, "cp_id": "CP_1", "status": null}
INFO:ocpp:CP_1: send [3,"c5b723e9-cfc4-4952-9481-dbb47bdc1d2c",{}]
SQL_DB - INFO - RECEIVED: {'destination': None, 'origin': 'Ocpp_Server', 'method': 'StatusNotification', 'type': 'ocpp_log', 'content': {'connector_id': 1, 'connector_status': 'Occupied', 'evse_id': 1, 'timestamp': '2023-03-29T08:06:09Z'}, 'cp_id': 'CP_1', 'status': None}
API - INFO - RECEIVED: {'destination': None, 'origin': 'Ocpp_Server', 'method': 'StatusNotification', 'type': 'ocpp_log', 'content': {'connector_id': 1, 'connector_status': 'Occupied', 'evse_id': 1, 'timestamp': '2023-03-29T08:06:09Z'}, 'cp_id': 'CP_1', 'status': None}
INFO:ocpp:CP_1: receive message [2,"822fe523-4581-4970-9574-9cd46ccb8766","StatusNotification",{"connectorId":1,"connectorStatus":"Available","evseId":1,"timestamp":"2023-03-29T08:06:10Z"}]
INFO:Ocpp_Server:RabbitMQ SENDING Message: {"destination": null, "origin": "Ocpp_Server", "method": "StatusNotification", "type": "ocpp_log", "content": {"connector_id": 1, "connector_status": "Available", "evse_id": 1, "timestamp": "2023-03-29T08:06:10Z"}, "cp_id": "CP_1", "status": null}
INFO:ocpp:CP_1: send [3,"822fe523-4581-4970-9574-9cd46ccb8766",{}]
SQL_DB - INFO - RECEIVED: {'destination': None, 'origin': 'Ocpp_Server', 'method': 'StatusNotification', 'type': 'ocpp_log', 'content': {'connector_id': 1, 'connector_status': 'Available', 'evse_id': 1, 'timestamp': '2023-03-29T08:06:10Z'}, 'cp_id': 'CP_1', 'status': None}
API - INFO - RECEIVED: {'destination': None, 'origin': 'Ocpp_Server', 'method': 'StatusNotification', 'type': 'ocpp_log', 'content': {'connector_id': 1, 'connector_status': 'Available', 'evse_id': 1, 'timestamp': '2023-03-29T08:06:10Z'}, 'cp_id': 'CP_1', 'status': None}
API - INFO - RabbitMQ SENDING Message: {"destination": "Ocpp_Server", "origin": "API", "method": "requestStartTransaction", "type": "request", "content": {"id_token": {"id_token": "1dee35d6-ed03-4882-9762-86197f258a74", "type": "ISO14443", "additional_info": null}, "remote_start_id": null, "evse_id": 1, "group_id_token": null, "charging_profile": null}, "cp_id": "CP_1", "status": null}
INFO:Ocpp_Server:RECEIVED: {'destination': 'Ocpp_Server', 'origin': 'API', 'method': 'requestStartTransaction', 'type': 'request', 'content': {'id_token': {'id_token': '1dee35d6-ed03-4882-9762-86197f258a74', 'type': 'ISO14443', 'additional_info': None}, 'remote_start_id': None, 'evse_id': 1, 'group_id_token': None, 'charging_profile': None}, 'cp_id': 'CP_1', 'status': None}
INFO:ocpp:CP_1: send [2,"9c49dd6c-5fc3-4727-bede-48bc4c980183","RequestStartTransaction",{"idToken":{"idToken":"1dee35d6-ed03-4882-9762-86197f258a74","type":"ISO14443"},"remoteStartId":75,"evseId":1}]
INFO:ocpp:CP_1: receive message [3,"9c49dd6c-5fc3-4727-bede-48bc4c980183",{"status":"Accepted"}]
INFO:Ocpp_Server:RabbitMQ SENDING Message: {"destination": "API", "origin": "Ocpp_Server", "method": "requestStartTransaction", "type": "response", "content": {"status": "Accepted", "status_info": null, "transaction_id": null}, "cp_id": "CP_1", "status": "OK"}
API - INFO - RESPONSE: {'destination': 'API', 'origin': 'Ocpp_Server', 'method': 'requestStartTransaction', 'type': 'response', 'content': {'status': 'Accepted', 'status_info': None, 'transaction_id': None}, 'cp_id': 'CP_1', 'status': 'OK'}
INFO:     127.0.0.1:39814 - "POST /charge/start?evse_id=1&cp_id=CP_1 HTTP/1.1" 200 OK
INFO:ocpp:CP_1: receive message [2,"600f88d6-2eeb-449f-8745-c219c67a079c","NotifyEVChargingNeeds",{"chargingNeeds":{"dcChargingParameters":{"bulkSoC":80,"energyAmount":24360,"evEnergyCapacity":42000,"evMaxCurrent":100,"evMaxPower":100000,"evMaxVoltage":1000,"fullSoC":100,"stateOfCharge":43},"departureTime":"2023-03-30T08:06:33.313Z","requestedEnergyTransfer":"DC"},"evseId":1,"maxScheduleTuples":1024}]
INFO:ocpp:CP_1: send [3,"600f88d6-2eeb-449f-8745-c219c67a079c",{"status":"Accepted"}]
INFO:ocpp:CP_1: receive message [2,"bdd79dba-cb25-4702-ac03-d43f0f1bd688","Heartbeat",{}]
INFO:ocpp:CP_1: send [3,"bdd79dba-cb25-4702-ac03-d43f0f1bd688",{"currentTime":"2023-03-29T08:06:34.992087"}]
INFO:Ocpp_Server:RabbitMQ SENDING Message: {"destination": null, "origin": "Ocpp_Server", "method": "update", "type": "ocpp_log", "content": {"table": "Charge_Point", "filters": {"cp_id": "CP_1"}, "values": {"is_online": true}}, "cp_id": "CP_1", "status": null}
API - INFO - RECEIVED: {'destination': None, 'origin': 'Ocpp_Server', 'method': 'update', 'type': 'ocpp_log', 'content': {'table': 'Charge_Point', 'filters': {'cp_id': 'CP_1'}, 'values': {'is_online': True}}, 'cp_id': 'CP_1', 'status': None}
SQL_DB - INFO - RECEIVED: {'destination': None, 'origin': 'Ocpp_Server', 'method': 'update', 'type': 'ocpp_log', 'content': {'table': 'Charge_Point', 'filters': {'cp_id': 'CP_1'}, 'values': {'is_online': True}}, 'cp_id': 'CP_1', 'status': None}
INFO:ocpp:CP_1: receive message [2,"d30b4d72-9ec1-4f50-9807-34deb515aae2","StatusNotification",{"connectorId":1,"connectorStatus":"Occupied","evseId":1,"timestamp":"2023-03-29T08:06:34Z"}]
INFO:Ocpp_Server:RabbitMQ SENDING Message: {"destination": null, "origin": "Ocpp_Server", "method": "StatusNotification", "type": "ocpp_log", "content": {"connector_id": 1, "connector_status": "Occupied", "evse_id": 1, "timestamp": "2023-03-29T08:06:34Z"}, "cp_id": "CP_1", "status": null}
INFO:ocpp:CP_1: send [3,"d30b4d72-9ec1-4f50-9807-34deb515aae2",{}]
SQL_DB - INFO - RECEIVED: {'destination': None, 'origin': 'Ocpp_Server', 'method': 'StatusNotification', 'type': 'ocpp_log', 'content': {'connector_id': 1, 'connector_status': 'Occupied', 'evse_id': 1, 'timestamp': '2023-03-29T08:06:34Z'}, 'cp_id': 'CP_1', 'status': None}
API - INFO - RECEIVED: {'destination': None, 'origin': 'Ocpp_Server', 'method': 'StatusNotification', 'type': 'ocpp_log', 'content': {'connector_id': 1, 'connector_status': 'Occupied', 'evse_id': 1, 'timestamp': '2023-03-29T08:06:34Z'}, 'cp_id': 'CP_1', 'status': None}
INFO:ocpp:CP_1: receive message [2,"52fdf877-3a8e-407c-a8fe-5c38b916bfb2","TransactionEvent",{"eventType":"Started","evse":{"connectorId":1,"id":1},"idToken":{"idToken":"1dee35d6-ed03-4882-9762-86197f258a74","type":"ISO14443"},"meterValue":[{"sampledValue":[{"context":"Transaction.Begin","measurand":"Energy.Active.Import.Register","value":0},{"context":"Transaction.Begin","measurand":"Energy.Active.Import.Register","phase":"L1","value":0},{"context":"Transaction.Begin","measurand":"Energy.Active.Import.Register","phase":"L2","value":0},{"context":"Transaction.Begin","measurand":"Energy.Active.Import.Register","phase":"L3","value":0}],"timestamp":"2023-03-29T08:06:34Z"}],"offline":false,"seqNo":0,"timestamp":"2023-03-29T08:06:34Z","transactionInfo":{"chargingState":"EVConnected","remoteStartId":75,"transactionId":"6b6acb9a-22b0-4cdf-9833-b8ce59a2dcb0"},"triggerReason":"CablePluggedIn"}]
INFO:Ocpp_Server:RabbitMQ SENDING Message: {"destination": null, "origin": "Ocpp_Server", "method": "TransactionEvent", "type": "ocpp_log", "content": {"event_type": "Started", "evse": {"connector_id": 1, "id": 1}, "id_token": {"id_token": "1dee35d6-ed03-4882-9762-86197f258a74", "type": "ISO14443"}, "meter_value": [{"sampled_value": [{"context": "Transaction.Begin", "measurand": "Energy.Active.Import.Register", "value": 0}, {"context": "Transaction.Begin", "measurand": "Energy.Active.Import.Register", "phase": "L1", "value": 0}, {"context": "Transaction.Begin", "measurand": "Energy.Active.Import.Register", "phase": "L2", "value": 0}, {"context": "Transaction.Begin", "measurand": "Energy.Active.Import.Register", "phase": "L3", "value": 0}], "timestamp": "2023-03-29T08:06:34Z"}], "offline": false, "seq_no": 0, "timestamp": "2023-03-29T08:06:34Z", "transaction_info": {"charging_state": "EVConnected", "remote_start_id": 75, "transaction_id": "6b6acb9a-22b0-4cdf-9833-b8ce59a2dcb0"}, "trigger_reason": "CablePluggedIn"}, "cp_id": "CP_1", "status": null}
INFO:Ocpp_Server:RabbitMQ SENDING Message: {"destination": "SQL_DB", "origin": "Ocpp_Server", "method": "select", "type": "request", "content": {"table": "IdToken", "filters": {"id_token": "1dee35d6-ed03-4882-9762-86197f258a74"}, "mode": {"id_token_info": {"group_id_token": {}, "evse": {}}}}, "cp_id": "CP_1", "status": null}
SQL_DB - INFO - RECEIVED: {'destination': None, 'origin': 'Ocpp_Server', 'method': 'TransactionEvent', 'type': 'ocpp_log', 'content': {'event_type': 'Started', 'evse': {'connector_id': 1, 'id': 1}, 'id_token': {'id_token': '1dee35d6-ed03-4882-9762-86197f258a74', 'type': 'ISO14443'}, 'meter_value': [{'sampled_value': [{'context': 'Transaction.Begin', 'measurand': 'Energy.Active.Import.Register', 'value': 0}, {'context': 'Transaction.Begin', 'measurand': 'Energy.Active.Import.Register', 'phase': 'L1', 'value': 0}, {'context': 'Transaction.Begin', 'measurand': 'Energy.Active.Import.Register', 'phase': 'L2', 'value': 0}, {'context': 'Transaction.Begin', 'measurand': 'Energy.Active.Import.Register', 'phase': 'L3', 'value': 0}], 'timestamp': '2023-03-29T08:06:34Z'}], 'offline': False, 'seq_no': 0, 'timestamp': '2023-03-29T08:06:34Z', 'transaction_info': {'charging_state': 'EVConnected', 'remote_start_id': 75, 'transaction_id': '6b6acb9a-22b0-4cdf-9833-b8ce59a2dcb0'}, 'trigger_reason': 'CablePluggedIn'}, 'cp_id': 'CP_1', 'status': None}
API - INFO - RECEIVED: {'destination': None, 'origin': 'Ocpp_Server', 'method': 'TransactionEvent', 'type': 'ocpp_log', 'content': {'event_type': 'Started', 'evse': {'connector_id': 1, 'id': 1}, 'id_token': {'id_token': '1dee35d6-ed03-4882-9762-86197f258a74', 'type': 'ISO14443'}, 'meter_value': [{'sampled_value': [{'context': 'Transaction.Begin', 'measurand': 'Energy.Active.Import.Register', 'value': 0}, {'context': 'Transaction.Begin', 'measurand': 'Energy.Active.Import.Register', 'phase': 'L1', 'value': 0}, {'context': 'Transaction.Begin', 'measurand': 'Energy.Active.Import.Register', 'phase': 'L2', 'value': 0}, {'context': 'Transaction.Begin', 'measurand': 'Energy.Active.Import.Register', 'phase': 'L3', 'value': 0}], 'timestamp': '2023-03-29T08:06:34Z'}], 'offline': False, 'seq_no': 0, 'timestamp': '2023-03-29T08:06:34Z', 'transaction_info': {'charging_state': 'EVConnected', 'remote_start_id': 75, 'transaction_id': '6b6acb9a-22b0-4cdf-9833-b8ce59a2dcb0'}, 'trigger_reason': 'CablePluggedIn'}, 'cp_id': 'CP_1', 'status': None}
SQL_DB - INFO - RECEIVED: {'destination': 'SQL_DB', 'origin': 'Ocpp_Server', 'method': 'select', 'type': 'request', 'content': {'table': 'IdToken', 'filters': {'id_token': '1dee35d6-ed03-4882-9762-86197f258a74'}, 'mode': {'id_token_info': {'group_id_token': {}, 'evse': {}}}}, 'cp_id': 'CP_1', 'status': None}
SQL_DB - INFO - RabbitMQ SENDING Message: {"destination": "Ocpp_Server", "origin": "SQL_DB", "method": "select", "type": "response", "content": [{"id_token": "1dee35d6-ed03-4882-9762-86197f258a74", "type": "ISO14443", "id_token_info": {"cache_expiry_date_time": null, "language1": "PT", "valid": true, "charging_priority": null, "language2": null, "group_id_token": null, "evse": [1, 2]}}], "cp_id": "CP_1", "status": "OK"}
INFO:Ocpp_Server:RESPONSE: {'destination': 'Ocpp_Server', 'origin': 'SQL_DB', 'method': 'select', 'type': 'response', 'content': [{'id_token': '1dee35d6-ed03-4882-9762-86197f258a74', 'type': 'ISO14443', 'id_token_info': {'cache_expiry_date_time': None, 'language1': 'PT', 'valid': True, 'charging_priority': None, 'language2': None, 'group_id_token': None, 'evse': [1, 2]}}], 'cp_id': 'CP_1', 'status': 'OK'}
INFO:Ocpp_Server:RabbitMQ SENDING Message: {"destination": "SQL_DB", "origin": "Ocpp_Server", "method": "select", "type": "request", "content": {"table": "EVSE", "filters": {"cp_id": "CP_1"}}, "cp_id": "CP_1", "status": null}
SQL_DB - INFO - RECEIVED: {'destination': 'SQL_DB', 'origin': 'Ocpp_Server', 'method': 'select', 'type': 'request', 'content': {'table': 'EVSE', 'filters': {'cp_id': 'CP_1'}}, 'cp_id': 'CP_1', 'status': None}
SQL_DB - INFO - RabbitMQ SENDING Message: {"destination": "Ocpp_Server", "origin": "SQL_DB", "method": "select", "type": "response", "content": [{"cp_id": "CP_1", "evse_id": 1}, {"cp_id": "CP_1", "evse_id": 2}, {"cp_id": "CP_1", "evse_id": 3}], "cp_id": "CP_1", "status": "OK"}
INFO:Ocpp_Server:RESPONSE: {'destination': 'Ocpp_Server', 'origin': 'SQL_DB', 'method': 'select', 'type': 'response', 'content': [{'cp_id': 'CP_1', 'evse_id': 1}, {'cp_id': 'CP_1', 'evse_id': 2}, {'cp_id': 'CP_1', 'evse_id': 3}], 'cp_id': 'CP_1', 'status': 'OK'}
INFO:ocpp:CP_1: send [3,"52fdf877-3a8e-407c-a8fe-5c38b916bfb2",{"idTokenInfo":{"language1":"PT","evseId":[1,2],"status":"Accepted"}}]
INFO:     127.0.0.1:52984 - "GET /transactions/open HTTP/1.1" 401 Unauthorized
INFO:ocpp:CP_1: receive message [2,"0dd72867-72f8-4ebb-82f2-023df0841312","NotifyEVChargingSchedule",{"chargingSchedule":{"chargingRateUnit":"W","chargingSchedulePeriod":[{"limit":50000,"numberPhases":3,"startPeriod":0}],"id":1,"startSchedule":"2023-03-29T08:06:49Z"},"evseId":1,"timeBase":"2023-03-29T08:06:49Z"}]
INFO:ocpp:CP_1: send [3,"0dd72867-72f8-4ebb-82f2-023df0841312",{"status":"Accepted"}]
API - INFO - RabbitMQ SENDING Message: {"destination": "SQL_DB", "origin": "API", "method": "login", "type": "request", "content": {"email": "admin", "password": "admin"}, "cp_id": null, "status": null}
SQL_DB - INFO - RECEIVED: {'destination': 'SQL_DB', 'origin': 'API', 'method': 'login', 'type': 'request', 'content': {'email': 'admin', 'password': 'admin'}, 'cp_id': None, 'status': None}
SQL_DB - INFO - RabbitMQ SENDING Message: {"destination": "API", "origin": "SQL_DB", "method": "login", "type": "response", "content": {"id": 2, "permission_level": 2, "id_token": null}, "cp_id": null, "status": "OK"}
API - INFO - RESPONSE: {'destination': 'API', 'origin': 'SQL_DB', 'method': 'login', 'type': 'response', 'content': {'id': 2, 'permission_level': 2, 'id_token': None}, 'cp_id': None, 'status': 'OK'}
INFO:     127.0.0.1:55918 - "GET /login?email=admin&password=admin HTTP/1.1" 200 OK
INFO:ocpp:CP_1: receive message [2,"c00eb6cd-b59e-4e9e-ba09-c254dc57c2e2","TransactionEvent",{"eventType":"Updated","evse":{"connectorId":1,"id":1},"meterValue":[{"sampledValue":[{"context":"Sample.Periodic","measurand":"Energy.Active.Import.Register","value":0},{"context":"Sample.Periodic","measurand":"Energy.Active.Import.Register","phase":"L1","value":0},{"context":"Sample.Periodic","measurand":"Energy.Active.Import.Register","phase":"L2","value":0},{"context":"Sample.Periodic","measurand":"Energy.Active.Import.Register","phase":"L3","value":0}],"timestamp":"2023-03-29T08:06:49Z"}],"offline":false,"seqNo":1,"timestamp":"2023-03-29T08:06:49Z","transactionInfo":{"chargingState":"Charging","remoteStartId":75,"transactionId":"6b6acb9a-22b0-4cdf-9833-b8ce59a2dcb0"},"triggerReason":"ChargingStateChanged"}]
INFO:Ocpp_Server:RabbitMQ SENDING Message: {"destination": null, "origin": "Ocpp_Server", "method": "TransactionEvent", "type": "ocpp_log", "content": {"event_type": "Updated", "evse": {"connector_id": 1, "id": 1}, "meter_value": [{"sampled_value": [{"context": "Sample.Periodic", "measurand": "Energy.Active.Import.Register", "value": 0}, {"context": "Sample.Periodic", "measurand": "Energy.Active.Import.Register", "phase": "L1", "value": 0}, {"context": "Sample.Periodic", "measurand": "Energy.Active.Import.Register", "phase": "L2", "value": 0}, {"context": "Sample.Periodic", "measurand": "Energy.Active.Import.Register", "phase": "L3", "value": 0}], "timestamp": "2023-03-29T08:06:49Z"}], "offline": false, "seq_no": 1, "timestamp": "2023-03-29T08:06:49Z", "transaction_info": {"charging_state": "Charging", "remote_start_id": 75, "transaction_id": "6b6acb9a-22b0-4cdf-9833-b8ce59a2dcb0"}, "trigger_reason": "ChargingStateChanged"}, "cp_id": "CP_1", "status": null}
INFO:ocpp:CP_1: send [3,"c00eb6cd-b59e-4e9e-ba09-c254dc57c2e2",{}]
API - INFO - RECEIVED: {'destination': None, 'origin': 'Ocpp_Server', 'method': 'TransactionEvent', 'type': 'ocpp_log', 'content': {'event_type': 'Updated', 'evse': {'connector_id': 1, 'id': 1}, 'meter_value': [{'sampled_value': [{'context': 'Sample.Periodic', 'measurand': 'Energy.Active.Import.Register', 'value': 0}, {'context': 'Sample.Periodic', 'measurand': 'Energy.Active.Import.Register', 'phase': 'L1', 'value': 0}, {'context': 'Sample.Periodic', 'measurand': 'Energy.Active.Import.Register', 'phase': 'L2', 'value': 0}, {'context': 'Sample.Periodic', 'measurand': 'Energy.Active.Import.Register', 'phase': 'L3', 'value': 0}], 'timestamp': '2023-03-29T08:06:49Z'}], 'offline': False, 'seq_no': 1, 'timestamp': '2023-03-29T08:06:49Z', 'transaction_info': {'charging_state': 'Charging', 'remote_start_id': 75, 'transaction_id': '6b6acb9a-22b0-4cdf-9833-b8ce59a2dcb0'}, 'trigger_reason': 'ChargingStateChanged'}, 'cp_id': 'CP_1', 'status': None}
SQL_DB - INFO - RECEIVED: {'destination': None, 'origin': 'Ocpp_Server', 'method': 'TransactionEvent', 'type': 'ocpp_log', 'content': {'event_type': 'Updated', 'evse': {'connector_id': 1, 'id': 1}, 'meter_value': [{'sampled_value': [{'context': 'Sample.Periodic', 'measurand': 'Energy.Active.Import.Register', 'value': 0}, {'context': 'Sample.Periodic', 'measurand': 'Energy.Active.Import.Register', 'phase': 'L1', 'value': 0}, {'context': 'Sample.Periodic', 'measurand': 'Energy.Active.Import.Register', 'phase': 'L2', 'value': 0}, {'context': 'Sample.Periodic', 'measurand': 'Energy.Active.Import.Register', 'phase': 'L3', 'value': 0}], 'timestamp': '2023-03-29T08:06:49Z'}], 'offline': False, 'seq_no': 1, 'timestamp': '2023-03-29T08:06:49Z', 'transaction_info': {'charging_state': 'Charging', 'remote_start_id': 75, 'transaction_id': '6b6acb9a-22b0-4cdf-9833-b8ce59a2dcb0'}, 'trigger_reason': 'ChargingStateChanged'}, 'cp_id': 'CP_1', 'status': None}
API - INFO - RabbitMQ SENDING Message: {"destination": "SQL_DB", "origin": "API", "method": "select", "type": "request", "content": {"table": "Transaction", "filters": {"active": true}}, "cp_id": null, "status": null}
SQL_DB - INFO - RECEIVED: {'destination': 'SQL_DB', 'origin': 'API', 'method': 'select', 'type': 'request', 'content': {'table': 'Transaction', 'filters': {'active': True}}, 'cp_id': None, 'status': None}
SQL_DB - INFO - RabbitMQ SENDING Message: {"destination": "API", "origin": "SQL_DB", "method": "select", "type": "response", "content": [{"stopped_reason": null, "soc": null, "remote_start_id": 75, "power_export": null, "active": true, "power_import": null, "initial_export": null, "cable_max_current": null, "final_export": null, "cp_id": "CP_1", "charging_state": "Charging", "initial_import": 0.0, "evse_id": 1, "transaction_id": "6b6acb9a-22b0-4cdf-9833-b8ce59a2dcb0", "final_import": 0.0, "time_spent_charging": null}, {"stopped_reason": null, "soc": null, "remote_start_id": 73, "power_export": null, "active": true, "power_import": null, "initial_export": null, "cable_max_current": null, "final_export": null, "cp_id": "CP_1", "charging_state": "EVConnected", "initial_import": 0.0, "evse_id": 1, "transaction_id": "d14af2df-b441-48fe-9714-85e301f78ed1", "final_import": 0.0, "time_spent_charging": null}], "cp_id": null, "status": "OK"}
API - INFO - RESPONSE: {'destination': 'API', 'origin': 'SQL_DB', 'method': 'select', 'type': 'response', 'content': [{'stopped_reason': None, 'soc': None, 'remote_start_id': 75, 'power_export': None, 'active': True, 'power_import': None, 'initial_export': None, 'cable_max_current': None, 'final_export': None, 'cp_id': 'CP_1', 'charging_state': 'Charging', 'initial_import': 0.0, 'evse_id': 1, 'transaction_id': '6b6acb9a-22b0-4cdf-9833-b8ce59a2dcb0', 'final_import': 0.0, 'time_spent_charging': None}, {'stopped_reason': None, 'soc': None, 'remote_start_id': 73, 'power_export': None, 'active': True, 'power_import': None, 'initial_export': None, 'cable_max_current': None, 'final_export': None, 'cp_id': 'CP_1', 'charging_state': 'EVConnected', 'initial_import': 0.0, 'evse_id': 1, 'transaction_id': 'd14af2df-b441-48fe-9714-85e301f78ed1', 'final_import': 0.0, 'time_spent_charging': None}], 'cp_id': None, 'status': 'OK'}
INFO:     127.0.0.1:47374 - "GET /transactions/open HTTP/1.1" 200 OK
INFO:ocpp:CP_1: receive message [2,"dff8e999-a500-49ba-b060-6562877457b7","Heartbeat",{}]
INFO:ocpp:CP_1: send [3,"dff8e999-a500-49ba-b060-6562877457b7",{"currentTime":"2023-03-29T08:07:04.555172"}]
INFO:ocpp:CP_1: receive message [2,"325a8429-eb25-40e6-b218-4b0aee588a1c","Heartbeat",{}]
INFO:ocpp:CP_1: send [3,"325a8429-eb25-40e6-b218-4b0aee588a1c",{"currentTime":"2023-03-29T08:07:35.046752"}]
INFO:ocpp:CP_1: receive message [2,"8c7a7dd4-cfbb-491e-aa41-5a5f0fd7ab44","Heartbeat",{}]
INFO:ocpp:CP_1: send [3,"8c7a7dd4-cfbb-491e-aa41-5a5f0fd7ab44",{"currentTime":"2023-03-29T08:08:04.581539"}]
API - INFO - RabbitMQ SENDING Message: {"destination": "SQL_DB", "origin": "API", "method": "login", "type": "request", "content": {"email": "user1", "password": "user1"}, "cp_id": null, "status": null}
SQL_DB - INFO - RECEIVED: {'destination': 'SQL_DB', 'origin': 'API', 'method': 'login', 'type': 'request', 'content': {'email': 'user1', 'password': 'user1'}, 'cp_id': None, 'status': None}
SQL_DB - INFO - RabbitMQ SENDING Message: {"destination": "API", "origin": "SQL_DB", "method": "login", "type": "response", "content": {"id": 1, "permission_level": 1, "id_token": {"id_token": "1dee35d6-ed03-4882-9762-86197f258a74", "type": "ISO14443"}}, "cp_id": null, "status": "OK"}
API - INFO - RESPONSE: {'destination': 'API', 'origin': 'SQL_DB', 'method': 'login', 'type': 'response', 'content': {'id': 1, 'permission_level': 1, 'id_token': {'id_token': '1dee35d6-ed03-4882-9762-86197f258a74', 'type': 'ISO14443'}}, 'cp_id': None, 'status': 'OK'}
INFO:     127.0.0.1:40578 - "GET /login?email=user1&password=user1 HTTP/1.1" 200 OK
INFO:ocpp:CP_1: receive message [2,"188ae254-a13b-426e-9e9e-31e067ffa0a7","Heartbeat",{}]
INFO:ocpp:CP_1: send [3,"188ae254-a13b-426e-9e9e-31e067ffa0a7",{"currentTime":"2023-03-29T08:08:34.674987"}]
API - INFO - RabbitMQ SENDING Message: {"destination": "Ocpp_Server", "origin": "API", "method": "requestStopTransaction", "type": "request", "content": {"transaction_id": "d14af2df-b441-48fe-9714-85e301f78ed1"}, "cp_id": "CP_1", "status": null}
INFO:Ocpp_Server:RECEIVED: {'destination': 'Ocpp_Server', 'origin': 'API', 'method': 'requestStopTransaction', 'type': 'request', 'content': {'transaction_id': 'd14af2df-b441-48fe-9714-85e301f78ed1'}, 'cp_id': 'CP_1', 'status': None}
INFO:ocpp:CP_1: send [2,"ac42a40c-9280-4592-92d1-cb16ad49ab90","RequestStopTransaction",{"transactionId":"d14af2df-b441-48fe-9714-85e301f78ed1"}]
INFO:ocpp:CP_1: receive message [3,"ac42a40c-9280-4592-92d1-cb16ad49ab90",{"status":"Rejected"}]
INFO:Ocpp_Server:RabbitMQ SENDING Message: {"destination": "API", "origin": "Ocpp_Server", "method": "requestStopTransaction", "type": "response", "content": {"status": "Rejected", "status_info": null}, "cp_id": "CP_1", "status": "OK"}
API - INFO - RESPONSE: {'destination': 'API', 'origin': 'Ocpp_Server', 'method': 'requestStopTransaction', 'type': 'response', 'content': {'status': 'Rejected', 'status_info': None}, 'cp_id': 'CP_1', 'status': 'OK'}
INFO:     127.0.0.1:59480 - "POST /charge/stop?transaction_id=d14af2df-b441-48fe-9714-85e301f78ed1 HTTP/1.1" 200 OK
INFO:ocpp:CP_1: receive message [2,"c2b4eb17-67a1-464c-894d-3360c6814022","Heartbeat",{}]
INFO:ocpp:CP_1: send [3,"c2b4eb17-67a1-464c-894d-3360c6814022",{"currentTime":"2023-03-29T08:09:04.577945"}]
INFO:ocpp:CP_1: receive message [2,"e6366092-db00-441c-8680-2192691dbc64","Heartbeat",{}]
INFO:ocpp:CP_1: send [3,"e6366092-db00-441c-8680-2192691dbc64",{"currentTime":"2023-03-29T08:09:34.863847"}]
API - INFO - RabbitMQ SENDING Message: {"destination": "Ocpp_Server", "origin": "API", "method": "requestStopTransaction", "type": "request", "content": {"transaction_id": "6b6acb9a-22b0-4cdf-9833-b8ce59a2dcb0"}, "cp_id": "CP_1", "status": null}
INFO:Ocpp_Server:RECEIVED: {'destination': 'Ocpp_Server', 'origin': 'API', 'method': 'requestStopTransaction', 'type': 'request', 'content': {'transaction_id': '6b6acb9a-22b0-4cdf-9833-b8ce59a2dcb0'}, 'cp_id': 'CP_1', 'status': None}
INFO:ocpp:CP_1: send [2,"691fbd88-41cc-4971-806e-4d97055fc7df","RequestStopTransaction",{"transactionId":"6b6acb9a-22b0-4cdf-9833-b8ce59a2dcb0"}]
INFO:ocpp:CP_1: receive message [3,"691fbd88-41cc-4971-806e-4d97055fc7df",{"status":"Accepted"}]
INFO:Ocpp_Server:RabbitMQ SENDING Message: {"destination": "API", "origin": "Ocpp_Server", "method": "requestStopTransaction", "type": "response", "content": {"status": "Accepted", "status_info": null}, "cp_id": "CP_1", "status": "OK"}
API - INFO - RESPONSE: {'destination': 'API', 'origin': 'Ocpp_Server', 'method': 'requestStopTransaction', 'type': 'response', 'content': {'status': 'Accepted', 'status_info': None}, 'cp_id': 'CP_1', 'status': 'OK'}
INFO:     127.0.0.1:34968 - "POST /charge/stop?transaction_id=6b6acb9a-22b0-4cdf-9833-b8ce59a2dcb0 HTTP/1.1" 200 OK
INFO:ocpp:CP_1: receive message [2,"92299f5d-d478-4a7a-a1b0-da7a14bad4e1","TransactionEvent",{"eventType":"Updated","evse":{"connectorId":1,"id":1},"idToken":{"idToken":"1dee35d6-ed03-4882-9762-86197f258a74","type":"ISO14443"},"meterValue":[{"sampledValue":[{"context":"Trigger","measurand":"Energy.Active.Import.Register","value":0},{"context":"Trigger","measurand":"Energy.Active.Import.Register","phase":"L1","value":0},{"context":"Trigger","measurand":"Energy.Active.Import.Register","phase":"L2","value":0},{"context":"Trigger","measurand":"Energy.Active.Import.Register","phase":"L3","value":0}],"timestamp":"2023-03-29T08:09:57Z"}],"offline":false,"seqNo":2,"timestamp":"2023-03-29T08:09:57Z","transactionInfo":{"chargingState":"EVConnected","remoteStartId":75,"stoppedReason":"Remote","transactionId":"6b6acb9a-22b0-4cdf-9833-b8ce59a2dcb0"},"triggerReason":"StopAuthorized"}]
INFO:Ocpp_Server:RabbitMQ SENDING Message: {"destination": null, "origin": "Ocpp_Server", "method": "TransactionEvent", "type": "ocpp_log", "content": {"event_type": "Updated", "evse": {"connector_id": 1, "id": 1}, "id_token": {"id_token": "1dee35d6-ed03-4882-9762-86197f258a74", "type": "ISO14443"}, "meter_value": [{"sampled_value": [{"context": "Trigger", "measurand": "Energy.Active.Import.Register", "value": 0}, {"context": "Trigger", "measurand": "Energy.Active.Import.Register", "phase": "L1", "value": 0}, {"context": "Trigger", "measurand": "Energy.Active.Import.Register", "phase": "L2", "value": 0}, {"context": "Trigger", "measurand": "Energy.Active.Import.Register", "phase": "L3", "value": 0}], "timestamp": "2023-03-29T08:09:57Z"}], "offline": false, "seq_no": 2, "timestamp": "2023-03-29T08:09:57Z", "transaction_info": {"charging_state": "EVConnected", "remote_start_id": 75, "stopped_reason": "Remote", "transaction_id": "6b6acb9a-22b0-4cdf-9833-b8ce59a2dcb0"}, "trigger_reason": "StopAuthorized"}, "cp_id": "CP_1", "status": null}
INFO:Ocpp_Server:RabbitMQ SENDING Message: {"destination": "SQL_DB", "origin": "Ocpp_Server", "method": "select", "type": "request", "content": {"table": "IdToken", "filters": {"id_token": "1dee35d6-ed03-4882-9762-86197f258a74"}, "mode": {"id_token_info": {"group_id_token": {}, "evse": {}}}}, "cp_id": "CP_1", "status": null}
API - INFO - RECEIVED: {'destination': None, 'origin': 'Ocpp_Server', 'method': 'TransactionEvent', 'type': 'ocpp_log', 'content': {'event_type': 'Updated', 'evse': {'connector_id': 1, 'id': 1}, 'id_token': {'id_token': '1dee35d6-ed03-4882-9762-86197f258a74', 'type': 'ISO14443'}, 'meter_value': [{'sampled_value': [{'context': 'Trigger', 'measurand': 'Energy.Active.Import.Register', 'value': 0}, {'context': 'Trigger', 'measurand': 'Energy.Active.Import.Register', 'phase': 'L1', 'value': 0}, {'context': 'Trigger', 'measurand': 'Energy.Active.Import.Register', 'phase': 'L2', 'value': 0}, {'context': 'Trigger', 'measurand': 'Energy.Active.Import.Register', 'phase': 'L3', 'value': 0}], 'timestamp': '2023-03-29T08:09:57Z'}], 'offline': False, 'seq_no': 2, 'timestamp': '2023-03-29T08:09:57Z', 'transaction_info': {'charging_state': 'EVConnected', 'remote_start_id': 75, 'stopped_reason': 'Remote', 'transaction_id': '6b6acb9a-22b0-4cdf-9833-b8ce59a2dcb0'}, 'trigger_reason': 'StopAuthorized'}, 'cp_id': 'CP_1', 'status': None}
SQL_DB - INFO - RECEIVED: {'destination': None, 'origin': 'Ocpp_Server', 'method': 'TransactionEvent', 'type': 'ocpp_log', 'content': {'event_type': 'Updated', 'evse': {'connector_id': 1, 'id': 1}, 'id_token': {'id_token': '1dee35d6-ed03-4882-9762-86197f258a74', 'type': 'ISO14443'}, 'meter_value': [{'sampled_value': [{'context': 'Trigger', 'measurand': 'Energy.Active.Import.Register', 'value': 0}, {'context': 'Trigger', 'measurand': 'Energy.Active.Import.Register', 'phase': 'L1', 'value': 0}, {'context': 'Trigger', 'measurand': 'Energy.Active.Import.Register', 'phase': 'L2', 'value': 0}, {'context': 'Trigger', 'measurand': 'Energy.Active.Import.Register', 'phase': 'L3', 'value': 0}], 'timestamp': '2023-03-29T08:09:57Z'}], 'offline': False, 'seq_no': 2, 'timestamp': '2023-03-29T08:09:57Z', 'transaction_info': {'charging_state': 'EVConnected', 'remote_start_id': 75, 'stopped_reason': 'Remote', 'transaction_id': '6b6acb9a-22b0-4cdf-9833-b8ce59a2dcb0'}, 'trigger_reason': 'StopAuthorized'}, 'cp_id': 'CP_1', 'status': None}
SQL_DB - INFO - RECEIVED: {'destination': 'SQL_DB', 'origin': 'Ocpp_Server', 'method': 'select', 'type': 'request', 'content': {'table': 'IdToken', 'filters': {'id_token': '1dee35d6-ed03-4882-9762-86197f258a74'}, 'mode': {'id_token_info': {'group_id_token': {}, 'evse': {}}}}, 'cp_id': 'CP_1', 'status': None}
SQL_DB - INFO - RabbitMQ SENDING Message: {"destination": "Ocpp_Server", "origin": "SQL_DB", "method": "select", "type": "response", "content": [{"id_token": "1dee35d6-ed03-4882-9762-86197f258a74", "type": "ISO14443", "id_token_info": {"cache_expiry_date_time": null, "language1": "PT", "valid": true, "charging_priority": null, "language2": null, "group_id_token": null, "evse": [1, 2]}}], "cp_id": "CP_1", "status": "OK"}
INFO:Ocpp_Server:RESPONSE: {'destination': 'Ocpp_Server', 'origin': 'SQL_DB', 'method': 'select', 'type': 'response', 'content': [{'id_token': '1dee35d6-ed03-4882-9762-86197f258a74', 'type': 'ISO14443', 'id_token_info': {'cache_expiry_date_time': None, 'language1': 'PT', 'valid': True, 'charging_priority': None, 'language2': None, 'group_id_token': None, 'evse': [1, 2]}}], 'cp_id': 'CP_1', 'status': 'OK'}
INFO:Ocpp_Server:RabbitMQ SENDING Message: {"destination": "SQL_DB", "origin": "Ocpp_Server", "method": "select", "type": "request", "content": {"table": "EVSE", "filters": {"cp_id": "CP_1"}}, "cp_id": "CP_1", "status": null}
SQL_DB - INFO - RECEIVED: {'destination': 'SQL_DB', 'origin': 'Ocpp_Server', 'method': 'select', 'type': 'request', 'content': {'table': 'EVSE', 'filters': {'cp_id': 'CP_1'}}, 'cp_id': 'CP_1', 'status': None}
SQL_DB - INFO - RabbitMQ SENDING Message: {"destination": "Ocpp_Server", "origin": "SQL_DB", "method": "select", "type": "response", "content": [{"cp_id": "CP_1", "evse_id": 1}, {"cp_id": "CP_1", "evse_id": 2}, {"cp_id": "CP_1", "evse_id": 3}], "cp_id": "CP_1", "status": "OK"}
INFO:Ocpp_Server:RESPONSE: {'destination': 'Ocpp_Server', 'origin': 'SQL_DB', 'method': 'select', 'type': 'response', 'content': [{'cp_id': 'CP_1', 'evse_id': 1}, {'cp_id': 'CP_1', 'evse_id': 2}, {'cp_id': 'CP_1', 'evse_id': 3}], 'cp_id': 'CP_1', 'status': 'OK'}
INFO:ocpp:CP_1: send [3,"92299f5d-d478-4a7a-a1b0-da7a14bad4e1",{"idTokenInfo":{"language1":"PT","evseId":[1,2],"status":"Accepted"}}]
INFO:ocpp:CP_1: receive message [2,"a200458f-6c19-49d1-b189-84aa559f6efb","Heartbeat",{}]
INFO:ocpp:CP_1: send [3,"a200458f-6c19-49d1-b189-84aa559f6efb",{"currentTime":"2023-03-29T08:10:04.692753"}]
INFO:ocpp:CP_1: receive message [2,"5b4de22b-38e9-45a3-9132-281c88fab745","TransactionEvent",{"eventType":"Ended","evse":{"connectorId":1,"id":1},"meterValue":[{"sampledValue":[{"context":"Transaction.End","measurand":"Energy.Active.Import.Register","value":0},{"context":"Transaction.End","measurand":"Energy.Active.Import.Register","phase":"L1","value":0},{"context":"Transaction.End","measurand":"Energy.Active.Import.Register","phase":"L2","value":0},{"context":"Transaction.End","measurand":"Energy.Active.Import.Register","phase":"L3","value":0}],"timestamp":"2023-03-29T08:10:10Z"}],"offline":false,"seqNo":3,"timestamp":"2023-03-29T08:10:10Z","transactionInfo":{"chargingState":"Idle","remoteStartId":75,"stoppedReason":"Remote","transactionId":"6b6acb9a-22b0-4cdf-9833-b8ce59a2dcb0"},"triggerReason":"EVCommunicationLost"}]
INFO:Ocpp_Server:RabbitMQ SENDING Message: {"destination": null, "origin": "Ocpp_Server", "method": "TransactionEvent", "type": "ocpp_log", "content": {"event_type": "Ended", "evse": {"connector_id": 1, "id": 1}, "meter_value": [{"sampled_value": [{"context": "Transaction.End", "measurand": "Energy.Active.Import.Register", "value": 0}, {"context": "Transaction.End", "measurand": "Energy.Active.Import.Register", "phase": "L1", "value": 0}, {"context": "Transaction.End", "measurand": "Energy.Active.Import.Register", "phase": "L2", "value": 0}, {"context": "Transaction.End", "measurand": "Energy.Active.Import.Register", "phase": "L3", "value": 0}], "timestamp": "2023-03-29T08:10:10Z"}], "offline": false, "seq_no": 3, "timestamp": "2023-03-29T08:10:10Z", "transaction_info": {"charging_state": "Idle", "remote_start_id": 75, "stopped_reason": "Remote", "transaction_id": "6b6acb9a-22b0-4cdf-9833-b8ce59a2dcb0"}, "trigger_reason": "EVCommunicationLost"}, "cp_id": "CP_1", "status": null}
INFO:ocpp:CP_1: send [3,"5b4de22b-38e9-45a3-9132-281c88fab745",{}]
INFO:Ocpp_Server:RabbitMQ SENDING Message: {"destination": "SQL_DB", "origin": "Ocpp_Server", "method": "remove", "type": "ocpp_log", "content": {"table": "ChargingProfile", "filters": {"transaction_id": "6b6acb9a-22b0-4cdf-9833-b8ce59a2dcb0"}}, "cp_id": "CP_1", "status": null}
SQL_DB - INFO - RECEIVED: {'destination': None, 'origin': 'Ocpp_Server', 'method': 'TransactionEvent', 'type': 'ocpp_log', 'content': {'event_type': 'Ended', 'evse': {'connector_id': 1, 'id': 1}, 'meter_value': [{'sampled_value': [{'context': 'Transaction.End', 'measurand': 'Energy.Active.Import.Register', 'value': 0}, {'context': 'Transaction.End', 'measurand': 'Energy.Active.Import.Register', 'phase': 'L1', 'value': 0}, {'context': 'Transaction.End', 'measurand': 'Energy.Active.Import.Register', 'phase': 'L2', 'value': 0}, {'context': 'Transaction.End', 'measurand': 'Energy.Active.Import.Register', 'phase': 'L3', 'value': 0}], 'timestamp': '2023-03-29T08:10:10Z'}], 'offline': False, 'seq_no': 3, 'timestamp': '2023-03-29T08:10:10Z', 'transaction_info': {'charging_state': 'Idle', 'remote_start_id': 75, 'stopped_reason': 'Remote', 'transaction_id': '6b6acb9a-22b0-4cdf-9833-b8ce59a2dcb0'}, 'trigger_reason': 'EVCommunicationLost'}, 'cp_id': 'CP_1', 'status': None}
API - INFO - RECEIVED: {'destination': None, 'origin': 'Ocpp_Server', 'method': 'TransactionEvent', 'type': 'ocpp_log', 'content': {'event_type': 'Ended', 'evse': {'connector_id': 1, 'id': 1}, 'meter_value': [{'sampled_value': [{'context': 'Transaction.End', 'measurand': 'Energy.Active.Import.Register', 'value': 0}, {'context': 'Transaction.End', 'measurand': 'Energy.Active.Import.Register', 'phase': 'L1', 'value': 0}, {'context': 'Transaction.End', 'measurand': 'Energy.Active.Import.Register', 'phase': 'L2', 'value': 0}, {'context': 'Transaction.End', 'measurand': 'Energy.Active.Import.Register', 'phase': 'L3', 'value': 0}], 'timestamp': '2023-03-29T08:10:10Z'}], 'offline': False, 'seq_no': 3, 'timestamp': '2023-03-29T08:10:10Z', 'transaction_info': {'charging_state': 'Idle', 'remote_start_id': 75, 'stopped_reason': 'Remote', 'transaction_id': '6b6acb9a-22b0-4cdf-9833-b8ce59a2dcb0'}, 'trigger_reason': 'EVCommunicationLost'}, 'cp_id': 'CP_1', 'status': None}
API - INFO - RECEIVED: {'destination': 'SQL_DB', 'origin': 'Ocpp_Server', 'method': 'remove', 'type': 'ocpp_log', 'content': {'table': 'ChargingProfile', 'filters': {'transaction_id': '6b6acb9a-22b0-4cdf-9833-b8ce59a2dcb0'}}, 'cp_id': 'CP_1', 'status': None}
INFO:ocpp:CP_1: send [2,"2dd6f790-5983-4427-9894-e78b99aaf968","GetTransactionStatus",{"transactionId":"6b6acb9a-22b0-4cdf-9833-b8ce59a2dcb0"}]
SQL_DB - INFO - RECEIVED: {'destination': 'SQL_DB', 'origin': 'Ocpp_Server', 'method': 'remove', 'type': 'ocpp_log', 'content': {'table': 'ChargingProfile', 'filters': {'transaction_id': '6b6acb9a-22b0-4cdf-9833-b8ce59a2dcb0'}}, 'cp_id': 'CP_1', 'status': None}
INFO:ocpp:CP_1: receive message [2,"cf89246d-bd16-4757-b217-c9318814ba15","StatusNotification",{"connectorId":1,"connectorStatus":"Available","evseId":1,"timestamp":"2023-03-29T08:10:10Z"}]
INFO:Ocpp_Server:RabbitMQ SENDING Message: {"destination": null, "origin": "Ocpp_Server", "method": "StatusNotification", "type": "ocpp_log", "content": {"connector_id": 1, "connector_status": "Available", "evse_id": 1, "timestamp": "2023-03-29T08:10:10Z"}, "cp_id": "CP_1", "status": null}
INFO:ocpp:CP_1: send [3,"cf89246d-bd16-4757-b217-c9318814ba15",{}]
INFO:ocpp:CP_1: receive message [3,"2dd6f790-5983-4427-9894-e78b99aaf968",{"messagesInQueue":false,"ongoingIndicator":false}]
SQL_DB - INFO - RECEIVED: {'destination': None, 'origin': 'Ocpp_Server', 'method': 'StatusNotification', 'type': 'ocpp_log', 'content': {'connector_id': 1, 'connector_status': 'Available', 'evse_id': 1, 'timestamp': '2023-03-29T08:10:10Z'}, 'cp_id': 'CP_1', 'status': None}
API - INFO - RECEIVED: {'destination': None, 'origin': 'Ocpp_Server', 'method': 'StatusNotification', 'type': 'ocpp_log', 'content': {'connector_id': 1, 'connector_status': 'Available', 'evse_id': 1, 'timestamp': '2023-03-29T08:10:10Z'}, 'cp_id': 'CP_1', 'status': None}
INFO:Ocpp_Server:RabbitMQ SENDING Message: {"destination": "SQL_DB", "origin": "Ocpp_Server", "method": "verify_received_all_transaction", "type": "request", "content": {"transaction_id": "6b6acb9a-22b0-4cdf-9833-b8ce59a2dcb0"}, "cp_id": "CP_1", "status": null}
SQL_DB - INFO - RECEIVED: {'destination': 'SQL_DB', 'origin': 'Ocpp_Server', 'method': 'verify_received_all_transaction', 'type': 'request', 'content': {'transaction_id': '6b6acb9a-22b0-4cdf-9833-b8ce59a2dcb0'}, 'cp_id': 'CP_1', 'status': None}
SQL_DB - INFO - RabbitMQ SENDING Message: {"destination": "Ocpp_Server", "origin": "SQL_DB", "method": "verify_received_all_transaction", "type": "response", "content": {"status": "OK"}, "cp_id": "CP_1", "status": "OK"}
INFO:Ocpp_Server:RESPONSE: {'destination': 'Ocpp_Server', 'origin': 'SQL_DB', 'method': 'verify_received_all_transaction', 'type': 'response', 'content': {'status': 'OK'}, 'cp_id': 'CP_1', 'status': 'OK'}
INFO:ocpp:CP_1: receive message [2,"02278481-2fc1-4354-b341-ad73a27b6813","Heartbeat",{}]
INFO:ocpp:CP_1: send [3,"02278481-2fc1-4354-b341-ad73a27b6813",{"currentTime":"2023-03-29T08:10:35.389614"}]
INFO:ocpp:CP_1: receive message [2,"ea1a8d5d-b0a4-4447-8be3-241608baf7f5","Heartbeat",{}]
INFO:ocpp:CP_1: send [3,"ea1a8d5d-b0a4-4447-8be3-241608baf7f5",{"currentTime":"2023-03-29T08:11:04.636801"}]
INFO:ocpp:CP_1: receive message [2,"56192a85-2b33-4c90-981e-7bc8e6060b68","Heartbeat",{}]
INFO:ocpp:CP_1: send [3,"56192a85-2b33-4c90-981e-7bc8e6060b68",{"currentTime":"2023-03-29T08:11:34.612020"}]
INFO:ocpp:CP_1: receive message [2,"06fcd985-e253-4a0c-838a-54d25e307184","Heartbeat",{}]
INFO:ocpp:CP_1: send [3,"06fcd985-e253-4a0c-838a-54d25e307184",{"currentTime":"2023-03-29T08:12:04.709359"}]
INFO:ocpp:CP_1: receive message [2,"8ec4c9f8-9024-4e1d-a73a-a6f720cb4838","Heartbeat",{}]
INFO:ocpp:CP_1: send [3,"8ec4c9f8-9024-4e1d-a73a-a6f720cb4838",{"currentTime":"2023-03-29T08:12:35.871479"}]
INFO:ocpp:CP_1: receive message [2,"fec770a6-0236-46b0-9231-6cf282184cdf","Heartbeat",{}]
INFO:ocpp:CP_1: send [3,"fec770a6-0236-46b0-9231-6cf282184cdf",{"currentTime":"2023-03-29T08:13:04.754049"}]
INFO:ocpp:CP_1: receive message [2,"8a80f25a-b222-4e0d-855f-b01ca66eba90","Heartbeat",{}]
INFO:ocpp:CP_1: send [3,"8a80f25a-b222-4e0d-855f-b01ca66eba90",{"currentTime":"2023-03-29T08:13:35.243508"}]
INFO:ocpp:CP_1: receive message [2,"7aeb2e2d-ca99-4f98-b571-6f1528f88290","Heartbeat",{}]
INFO:ocpp:CP_1: send [3,"7aeb2e2d-ca99-4f98-b571-6f1528f88290",{"currentTime":"2023-03-29T08:14:04.633009"}]
WARNING:Ocpp_Server:CP closed the connection
INFO:Ocpp_Server:RabbitMQ SENDING Message: {"destination": null, "origin": "Ocpp_Server", "method": "update", "type": "ocpp_log", "content": {"table": "Charge_Point", "filters": {"cp_id": "CP_1"}, "values": {"is_online": false}}, "cp_id": "CP_1", "status": null}
INFO:websockets.server:connection closed
API - INFO - RECEIVED: {'destination': None, 'origin': 'Ocpp_Server', 'method': 'update', 'type': 'ocpp_log', 'content': {'table': 'Charge_Point', 'filters': {'cp_id': 'CP_1'}, 'values': {'is_online': False}}, 'cp_id': 'CP_1', 'status': None}
SQL_DB - INFO - RECEIVED: {'destination': None, 'origin': 'Ocpp_Server', 'method': 'update', 'type': 'ocpp_log', 'content': {'table': 'Charge_Point', 'filters': {'cp_id': 'CP_1'}, 'values': {'is_online': False}}, 'cp_id': 'CP_1', 'status': None}
INFO:Ocpp_Server:RabbitMQ SENDING Message: {"destination": "SQL_DB", "origin": "Ocpp_Server", "method": "verify_password", "type": "request", "content": {"CP_ID": "CP_1", "password": "12345678901234567890"}, "cp_id": "CP_1", "status": null}
SQL_DB - INFO - RECEIVED: {'destination': 'SQL_DB', 'origin': 'Ocpp_Server', 'method': 'verify_password', 'type': 'request', 'content': {'CP_ID': 'CP_1', 'password': '12345678901234567890'}, 'cp_id': 'CP_1', 'status': None}
SQL_DB - INFO - RabbitMQ SENDING Message: {"destination": "Ocpp_Server", "origin": "SQL_DB", "method": "verify_password", "type": "response", "content": {"approved": true}, "cp_id": "CP_1", "status": "OK"}
INFO:Ocpp_Server:RESPONSE: {'destination': 'Ocpp_Server', 'origin': 'SQL_DB', 'method': 'verify_password', 'type': 'response', 'content': {'approved': True}, 'cp_id': 'CP_1', 'status': 'OK'}
INFO:websockets.server:connection open
INFO:Ocpp_Server:Protocols Matched: ocpp2.0.1
INFO:ocpp:CP_1: receive message [2,"f62b5255-d0cd-4ae6-b01c-9e35ebaae024","BootNotification",{"chargingStation":{"model":"qocpp","vendorName":"Trialog"},"reason":"PowerUp"}]
INFO:Ocpp_Server:RabbitMQ SENDING Message: {"destination": null, "origin": "Ocpp_Server", "method": "BootNotification", "type": "ocpp_log", "content": {"charging_station": {"model": "qocpp", "vendor_name": "Trialog"}, "reason": "PowerUp", "timestamp": "2023-03-29T08:20:47.732660"}, "cp_id": "CP_1", "status": null}
INFO:ocpp:CP_1: send [3,"f62b5255-d0cd-4ae6-b01c-9e35ebaae024",{"currentTime":"2023-03-29T08:20:47.738502","interval":30,"status":"Accepted"}]
SQL_DB - INFO - RECEIVED: {'destination': None, 'origin': 'Ocpp_Server', 'method': 'BootNotification', 'type': 'ocpp_log', 'content': {'charging_station': {'model': 'qocpp', 'vendor_name': 'Trialog'}, 'reason': 'PowerUp', 'timestamp': '2023-03-29T08:20:47.732660'}, 'cp_id': 'CP_1', 'status': None}
INFO:ocpp:CP_1: send [2,"777639a2-d50a-41ce-8687-7e0c3dd77b7f","GetChargingProfiles",{"requestId":76,"chargingProfile":{"chargingProfilePurpose":"ChargingStationExternalConstraints"}}]
API - INFO - RECEIVED: {'destination': None, 'origin': 'Ocpp_Server', 'method': 'BootNotification', 'type': 'ocpp_log', 'content': {'charging_station': {'model': 'qocpp', 'vendor_name': 'Trialog'}, 'reason': 'PowerUp', 'timestamp': '2023-03-29T08:20:47.732660'}, 'cp_id': 'CP_1', 'status': None}
INFO:ocpp:CP_1: receive message [2,"3798be02-16e6-4119-8731-edd404b2d64f","SecurityEventNotification",{"timestamp":"2023-03-29T08:20:48Z","type":"ResetOrReboot"}]
ERROR:ocpp:Error while handling request '<Call - unique_id=3798be02-16e6-4119-8731-edd404b2d64f, action=SecurityEventNotification, payload={'timestamp': '2023-03-29T08:20:48Z', 'type': 'ResetOrReboot'}>'
Traceback (most recent call last):
  File "/home/it2s/.local/lib/python3.10/site-packages/ocpp/charge_point.py", line 172, in _handle_call
    handlers = self.route_map[msg.action]
KeyError: 'SecurityEventNotification'

During handling of the above exception, another exception occurred:

Traceback (most recent call last):
  File "/home/it2s/.local/lib/python3.10/site-packages/ocpp/charge_point.py", line 150, in route_message
    await self._handle_call(msg)
  File "/home/it2s/.local/lib/python3.10/site-packages/ocpp/charge_point.py", line 174, in _handle_call
    raise NotSupportedError(
ocpp.exceptions.NotSupportedError: NotSupportedError: Request Action is recognized but not supported by the receiver, {'cause': 'No handler for SecurityEventNotification registered.'}
INFO:ocpp:CP_1: send [4,"3798be02-16e6-4119-8731-edd404b2d64f","NotSupported","Request Action is recognized but not supported by the receiver",{"cause":"No handler for SecurityEventNotification registered."}]
INFO:ocpp:CP_1: receive message [3,"777639a2-d50a-41ce-8687-7e0c3dd77b7f",{"status":"NoProfiles"}]
INFO:ocpp:CP_1: receive message [2,"086357c9-878e-48f9-99ab-67469f47d66c","StatusNotification",{"connectorId":1,"connectorStatus":"Available","evseId":1,"timestamp":"2023-03-29T08:20:48Z"}]
INFO:Ocpp_Server:RabbitMQ SENDING Message: {"destination": null, "origin": "Ocpp_Server", "method": "StatusNotification", "type": "ocpp_log", "content": {"connector_id": 1, "connector_status": "Available", "evse_id": 1, "timestamp": "2023-03-29T08:20:48Z"}, "cp_id": "CP_1", "status": null}
INFO:ocpp:CP_1: send [3,"086357c9-878e-48f9-99ab-67469f47d66c",{}]
SQL_DB - INFO - RECEIVED: {'destination': None, 'origin': 'Ocpp_Server', 'method': 'StatusNotification', 'type': 'ocpp_log', 'content': {'connector_id': 1, 'connector_status': 'Available', 'evse_id': 1, 'timestamp': '2023-03-29T08:20:48Z'}, 'cp_id': 'CP_1', 'status': None}
API - INFO - RECEIVED: {'destination': None, 'origin': 'Ocpp_Server', 'method': 'StatusNotification', 'type': 'ocpp_log', 'content': {'connector_id': 1, 'connector_status': 'Available', 'evse_id': 1, 'timestamp': '2023-03-29T08:20:48Z'}, 'cp_id': 'CP_1', 'status': None}
INFO:ocpp:CP_1: receive message [2,"c1e01b57-ea00-4eb6-9e40-9f1d724b4366","Authorize",{"idToken":{"idToken":"FRTRIC00618333C","type":"eMAID"},"iso15118CertificateHashData":[{"hashAlgorithm":"SHA256","issuerKeyHash":"c1d7f8a9b7f43b34dac1fc008a6b47572b6b365ed2eef69b21460f83993e6ad2","issuerNameHash":"bb6a2707584ddad7a90f646b4266857311e598b4cb131977c3ae4635cfcdf98d","responderURL":"https://7kravoouwj.execute-api.eu-west-1.amazonaws.com/test/OCSP-Responder","serialNumber":"A"},{"hashAlgorithm":"SHA256","issuerKeyHash":"8af01e8af72c643cd0570a89acbee2b050490302e0481d27b9722bf5047a79c3","issuerNameHash":"fecdee34ce9cf0088fd56b80aecde3ef4b5f5ef557d415da83f7bdb9be68a5dc","responderURL":"https://7kravoouwj.execute-api.eu-west-1.amazonaws.com/test/OCSP-Responder","serialNumber":"B"},{"hashAlgorithm":"SHA256","issuerKeyHash":"497b489273c0df5006301ff66c452cd999a70e04cfeb4145744b8767e5df0ac9","issuerNameHash":"f4abd13cd5357e773ea38b5629e099bf3ae3e8a3ef29f0971d62634ffb57bef2","responderURL":"https://7kravoouwj.execute-api.eu-west-1.amazonaws.com/test/OCSP-Responder","serialNumber":"C"}]}]
INFO:Ocpp_Server:RabbitMQ SENDING Message: {"destination": "SQL_DB", "origin": "Ocpp_Server", "method": "select", "type": "request", "content": {"table": "IdToken", "filters": {"id_token": "FRTRIC00618333C"}, "mode": {"id_token_info": {"group_id_token": {}, "evse": {}}}}, "cp_id": "CP_1", "status": null}
SQL_DB - INFO - RECEIVED: {'destination': 'SQL_DB', 'origin': 'Ocpp_Server', 'method': 'select', 'type': 'request', 'content': {'table': 'IdToken', 'filters': {'id_token': 'FRTRIC00618333C'}, 'mode': {'id_token_info': {'group_id_token': {}, 'evse': {}}}}, 'cp_id': 'CP_1', 'status': None}
SQL_DB - INFO - RabbitMQ SENDING Message: {"destination": "Ocpp_Server", "origin": "SQL_DB", "method": "select", "type": "response", "content": [], "cp_id": "CP_1", "status": "OK"}
INFO:Ocpp_Server:RESPONSE: {'destination': 'Ocpp_Server', 'origin': 'SQL_DB', 'method': 'select', 'type': 'response', 'content': [], 'cp_id': 'CP_1', 'status': 'OK'}
INFO:ocpp:CP_1: send [3,"c1e01b57-ea00-4eb6-9e40-9f1d724b4366",{"idTokenInfo":{"status":"Unknown"}}]
INFO:ocpp:CP_1: receive message [2,"db43ec7e-4c6a-4544-b728-7c9f4002e9e6","StatusNotification",{"connectorId":1,"connectorStatus":"Occupied","evseId":1,"timestamp":"2023-03-29T08:20:54Z"}]
INFO:Ocpp_Server:RabbitMQ SENDING Message: {"destination": null, "origin": "Ocpp_Server", "method": "StatusNotification", "type": "ocpp_log", "content": {"connector_id": 1, "connector_status": "Occupied", "evse_id": 1, "timestamp": "2023-03-29T08:20:54Z"}, "cp_id": "CP_1", "status": null}
INFO:ocpp:CP_1: send [3,"db43ec7e-4c6a-4544-b728-7c9f4002e9e6",{}]
SQL_DB - INFO - RECEIVED: {'destination': None, 'origin': 'Ocpp_Server', 'method': 'StatusNotification', 'type': 'ocpp_log', 'content': {'connector_id': 1, 'connector_status': 'Occupied', 'evse_id': 1, 'timestamp': '2023-03-29T08:20:54Z'}, 'cp_id': 'CP_1', 'status': None}
API - INFO - RECEIVED: {'destination': None, 'origin': 'Ocpp_Server', 'method': 'StatusNotification', 'type': 'ocpp_log', 'content': {'connector_id': 1, 'connector_status': 'Occupied', 'evse_id': 1, 'timestamp': '2023-03-29T08:20:54Z'}, 'cp_id': 'CP_1', 'status': None}
INFO:ocpp:CP_1: receive message [2,"bd7b5506-75e7-41dd-a55c-b03d8cf08c05","Heartbeat",{}]
INFO:ocpp:CP_1: send [3,"bd7b5506-75e7-41dd-a55c-b03d8cf08c05",{"currentTime":"2023-03-29T08:21:18.697738"}]
INFO:Ocpp_Server:RabbitMQ SENDING Message: {"destination": null, "origin": "Ocpp_Server", "method": "update", "type": "ocpp_log", "content": {"table": "Charge_Point", "filters": {"cp_id": "CP_1"}, "values": {"is_online": true}}, "cp_id": "CP_1", "status": null}
API - INFO - RECEIVED: {'destination': None, 'origin': 'Ocpp_Server', 'method': 'update', 'type': 'ocpp_log', 'content': {'table': 'Charge_Point', 'filters': {'cp_id': 'CP_1'}, 'values': {'is_online': True}}, 'cp_id': 'CP_1', 'status': None}
SQL_DB - INFO - RECEIVED: {'destination': None, 'origin': 'Ocpp_Server', 'method': 'update', 'type': 'ocpp_log', 'content': {'table': 'Charge_Point', 'filters': {'cp_id': 'CP_1'}, 'values': {'is_online': True}}, 'cp_id': 'CP_1', 'status': None}
INFO:ocpp:CP_1: receive message [2,"b3eddb13-bdac-40c8-b419-7d7c996acd65","Heartbeat",{}]
INFO:ocpp:CP_1: send [3,"b3eddb13-bdac-40c8-b419-7d7c996acd65",{"currentTime":"2023-03-29T08:21:48.589188"}]
WARNING:Ocpp_Server:CP closed the connection
INFO:Ocpp_Server:RabbitMQ SENDING Message: {"destination": null, "origin": "Ocpp_Server", "method": "update", "type": "ocpp_log", "content": {"table": "Charge_Point", "filters": {"cp_id": "CP_1"}, "values": {"is_online": false}}, "cp_id": "CP_1", "status": null}
INFO:websockets.server:connection closed
API - INFO - RECEIVED: {'destination': None, 'origin': 'Ocpp_Server', 'method': 'update', 'type': 'ocpp_log', 'content': {'table': 'Charge_Point', 'filters': {'cp_id': 'CP_1'}, 'values': {'is_online': False}}, 'cp_id': 'CP_1', 'status': None}
SQL_DB - INFO - RECEIVED: {'destination': None, 'origin': 'Ocpp_Server', 'method': 'update', 'type': 'ocpp_log', 'content': {'table': 'Charge_Point', 'filters': {'cp_id': 'CP_1'}, 'values': {'is_online': False}}, 'cp_id': 'CP_1', 'status': None}
API - INFO - RabbitMQ SENDING Message: {"destination": "SQL_DB", "origin": "API", "method": "login", "type": "request", "content": {"email": "user1", "password": "user1"}, "cp_id": null, "status": null}
SQL_DB - INFO - RECEIVED: {'destination': 'SQL_DB', 'origin': 'API', 'method': 'login', 'type': 'request', 'content': {'email': 'user1', 'password': 'user1'}, 'cp_id': None, 'status': None}
SQL_DB - INFO - RabbitMQ SENDING Message: {"destination": "API", "origin": "SQL_DB", "method": "login", "type": "response", "content": {"id": 1, "permission_level": 1, "id_token": {"id_token": "1dee35d6-ed03-4882-9762-86197f258a74", "type": "ISO14443"}}, "cp_id": null, "status": "OK"}
API - INFO - RESPONSE: {'destination': 'API', 'origin': 'SQL_DB', 'method': 'login', 'type': 'response', 'content': {'id': 1, 'permission_level': 1, 'id_token': {'id_token': '1dee35d6-ed03-4882-9762-86197f258a74', 'type': 'ISO14443'}}, 'cp_id': None, 'status': 'OK'}
INFO:     127.0.0.1:37840 - "GET /login?email=user1&password=user1 HTTP/1.1" 200 OK
INFO:Ocpp_Server:RabbitMQ SENDING Message: {"destination": "SQL_DB", "origin": "Ocpp_Server", "method": "verify_password", "type": "request", "content": {"CP_ID": "CP_1", "password": "12345678901234567890"}, "cp_id": "CP_1", "status": null}
SQL_DB - INFO - RECEIVED: {'destination': 'SQL_DB', 'origin': 'Ocpp_Server', 'method': 'verify_password', 'type': 'request', 'content': {'CP_ID': 'CP_1', 'password': '12345678901234567890'}, 'cp_id': 'CP_1', 'status': None}
SQL_DB - INFO - RabbitMQ SENDING Message: {"destination": "Ocpp_Server", "origin": "SQL_DB", "method": "verify_password", "type": "response", "content": {"approved": true}, "cp_id": "CP_1", "status": "OK"}
INFO:Ocpp_Server:RESPONSE: {'destination': 'Ocpp_Server', 'origin': 'SQL_DB', 'method': 'verify_password', 'type': 'response', 'content': {'approved': True}, 'cp_id': 'CP_1', 'status': 'OK'}
INFO:websockets.server:connection open
INFO:Ocpp_Server:Protocols Matched: ocpp2.0.1
INFO:ocpp:CP_1: receive message [2,"83f09992-ec86-490f-9f99-3d224a8f2f57","BootNotification",{"chargingStation":{"model":"qocpp","vendorName":"Trialog"},"reason":"PowerUp"}]
INFO:Ocpp_Server:RabbitMQ SENDING Message: {"destination": null, "origin": "Ocpp_Server", "method": "BootNotification", "type": "ocpp_log", "content": {"charging_station": {"model": "qocpp", "vendor_name": "Trialog"}, "reason": "PowerUp", "timestamp": "2023-03-29T08:22:48.598155"}, "cp_id": "CP_1", "status": null}
INFO:ocpp:CP_1: send [3,"83f09992-ec86-490f-9f99-3d224a8f2f57",{"currentTime":"2023-03-29T08:22:48.600984","interval":30,"status":"Accepted"}]
INFO:ocpp:CP_1: send [2,"32e4f42a-dcdb-481c-ac89-4396f29c22dd","GetChargingProfiles",{"requestId":77,"chargingProfile":{"chargingProfilePurpose":"ChargingStationExternalConstraints"}}]
SQL_DB - INFO - RECEIVED: {'destination': None, 'origin': 'Ocpp_Server', 'method': 'BootNotification', 'type': 'ocpp_log', 'content': {'charging_station': {'model': 'qocpp', 'vendor_name': 'Trialog'}, 'reason': 'PowerUp', 'timestamp': '2023-03-29T08:22:48.598155'}, 'cp_id': 'CP_1', 'status': None}
API - INFO - RECEIVED: {'destination': None, 'origin': 'Ocpp_Server', 'method': 'BootNotification', 'type': 'ocpp_log', 'content': {'charging_station': {'model': 'qocpp', 'vendor_name': 'Trialog'}, 'reason': 'PowerUp', 'timestamp': '2023-03-29T08:22:48.598155'}, 'cp_id': 'CP_1', 'status': None}
INFO:ocpp:CP_1: receive message [2,"7ecd65db-242a-4abb-a2cb-bd989cf7e829","SecurityEventNotification",{"timestamp":"2023-03-29T08:22:48Z","type":"ResetOrReboot"}]
ERROR:ocpp:Error while handling request '<Call - unique_id=7ecd65db-242a-4abb-a2cb-bd989cf7e829, action=SecurityEventNotification, payload={'timestamp': '2023-03-29T08:22:48Z', 'type': 'ResetOrReboot'}>'
Traceback (most recent call last):
  File "/home/it2s/.local/lib/python3.10/site-packages/ocpp/charge_point.py", line 172, in _handle_call
    handlers = self.route_map[msg.action]
KeyError: 'SecurityEventNotification'

During handling of the above exception, another exception occurred:

Traceback (most recent call last):
  File "/home/it2s/.local/lib/python3.10/site-packages/ocpp/charge_point.py", line 150, in route_message
    await self._handle_call(msg)
  File "/home/it2s/.local/lib/python3.10/site-packages/ocpp/charge_point.py", line 174, in _handle_call
    raise NotSupportedError(
ocpp.exceptions.NotSupportedError: NotSupportedError: Request Action is recognized but not supported by the receiver, {'cause': 'No handler for SecurityEventNotification registered.'}
INFO:ocpp:CP_1: send [4,"7ecd65db-242a-4abb-a2cb-bd989cf7e829","NotSupported","Request Action is recognized but not supported by the receiver",{"cause":"No handler for SecurityEventNotification registered."}]
INFO:ocpp:CP_1: receive message [3,"32e4f42a-dcdb-481c-ac89-4396f29c22dd",{"status":"NoProfiles"}]
INFO:ocpp:CP_1: receive message [2,"016896b7-4e80-420f-b25a-3e16d95c6484","StatusNotification",{"connectorId":1,"connectorStatus":"Occupied","evseId":1,"timestamp":"2023-03-29T08:22:48Z"}]
INFO:Ocpp_Server:RabbitMQ SENDING Message: {"destination": null, "origin": "Ocpp_Server", "method": "StatusNotification", "type": "ocpp_log", "content": {"connector_id": 1, "connector_status": "Occupied", "evse_id": 1, "timestamp": "2023-03-29T08:22:48Z"}, "cp_id": "CP_1", "status": null}
INFO:ocpp:CP_1: send [3,"016896b7-4e80-420f-b25a-3e16d95c6484",{}]
SQL_DB - INFO - RECEIVED: {'destination': None, 'origin': 'Ocpp_Server', 'method': 'StatusNotification', 'type': 'ocpp_log', 'content': {'connector_id': 1, 'connector_status': 'Occupied', 'evse_id': 1, 'timestamp': '2023-03-29T08:22:48Z'}, 'cp_id': 'CP_1', 'status': None}
API - INFO - RECEIVED: {'destination': None, 'origin': 'Ocpp_Server', 'method': 'StatusNotification', 'type': 'ocpp_log', 'content': {'connector_id': 1, 'connector_status': 'Occupied', 'evse_id': 1, 'timestamp': '2023-03-29T08:22:48Z'}, 'cp_id': 'CP_1', 'status': None}
INFO:ocpp:CP_1: receive message [2,"7078363c-c3db-465f-acc7-8e47b39710ad","Authorize",{"idToken":{"idToken":"FRTRIC00618333C","type":"eMAID"},"iso15118CertificateHashData":[{"hashAlgorithm":"SHA256","issuerKeyHash":"c1d7f8a9b7f43b34dac1fc008a6b47572b6b365ed2eef69b21460f83993e6ad2","issuerNameHash":"bb6a2707584ddad7a90f646b4266857311e598b4cb131977c3ae4635cfcdf98d","responderURL":"https://7kravoouwj.execute-api.eu-west-1.amazonaws.com/test/OCSP-Responder","serialNumber":"A"},{"hashAlgorithm":"SHA256","issuerKeyHash":"8af01e8af72c643cd0570a89acbee2b050490302e0481d27b9722bf5047a79c3","issuerNameHash":"fecdee34ce9cf0088fd56b80aecde3ef4b5f5ef557d415da83f7bdb9be68a5dc","responderURL":"https://7kravoouwj.execute-api.eu-west-1.amazonaws.com/test/OCSP-Responder","serialNumber":"B"},{"hashAlgorithm":"SHA256","issuerKeyHash":"497b489273c0df5006301ff66c452cd999a70e04cfeb4145744b8767e5df0ac9","issuerNameHash":"f4abd13cd5357e773ea38b5629e099bf3ae3e8a3ef29f0971d62634ffb57bef2","responderURL":"https://7kravoouwj.execute-api.eu-west-1.amazonaws.com/test/OCSP-Responder","serialNumber":"C"}]}]
INFO:Ocpp_Server:RabbitMQ SENDING Message: {"destination": "SQL_DB", "origin": "Ocpp_Server", "method": "select", "type": "request", "content": {"table": "IdToken", "filters": {"id_token": "FRTRIC00618333C"}, "mode": {"id_token_info": {"group_id_token": {}, "evse": {}}}}, "cp_id": "CP_1", "status": null}
SQL_DB - INFO - RECEIVED: {'destination': 'SQL_DB', 'origin': 'Ocpp_Server', 'method': 'select', 'type': 'request', 'content': {'table': 'IdToken', 'filters': {'id_token': 'FRTRIC00618333C'}, 'mode': {'id_token_info': {'group_id_token': {}, 'evse': {}}}}, 'cp_id': 'CP_1', 'status': None}
SQL_DB - INFO - RabbitMQ SENDING Message: {"destination": "Ocpp_Server", "origin": "SQL_DB", "method": "select", "type": "response", "content": [], "cp_id": "CP_1", "status": "OK"}
INFO:Ocpp_Server:RESPONSE: {'destination': 'Ocpp_Server', 'origin': 'SQL_DB', 'method': 'select', 'type': 'response', 'content': [], 'cp_id': 'CP_1', 'status': 'OK'}
INFO:ocpp:CP_1: send [3,"7078363c-c3db-465f-acc7-8e47b39710ad",{"idTokenInfo":{"status":"Unknown"}}]
INFO:ocpp:CP_1: receive message [2,"ce9cabdf-cf7a-446d-8797-4d935d36f263","StatusNotification",{"connectorId":1,"connectorStatus":"Occupied","evseId":1,"timestamp":"2023-03-29T08:22:45Z"}]
INFO:Ocpp_Server:RabbitMQ SENDING Message: {"destination": null, "origin": "Ocpp_Server", "method": "StatusNotification", "type": "ocpp_log", "content": {"connector_id": 1, "connector_status": "Occupied", "evse_id": 1, "timestamp": "2023-03-29T08:22:45Z"}, "cp_id": "CP_1", "status": null}
INFO:ocpp:CP_1: send [3,"ce9cabdf-cf7a-446d-8797-4d935d36f263",{}]
API - INFO - RECEIVED: {'destination': None, 'origin': 'Ocpp_Server', 'method': 'StatusNotification', 'type': 'ocpp_log', 'content': {'connector_id': 1, 'connector_status': 'Occupied', 'evse_id': 1, 'timestamp': '2023-03-29T08:22:45Z'}, 'cp_id': 'CP_1', 'status': None}
SQL_DB - INFO - RECEIVED: {'destination': None, 'origin': 'Ocpp_Server', 'method': 'StatusNotification', 'type': 'ocpp_log', 'content': {'connector_id': 1, 'connector_status': 'Occupied', 'evse_id': 1, 'timestamp': '2023-03-29T08:22:45Z'}, 'cp_id': 'CP_1', 'status': None}
API - INFO - RabbitMQ SENDING Message: {"destination": "SQL_DB", "origin": "API", "method": "select", "type": "request", "content": {"table": "IdToken", "filters": {"id_token": "1dee35d6-ed03-4882-9762-86197f258a74"}}, "cp_id": "CP_1", "status": null}
SQL_DB - INFO - RECEIVED: {'destination': 'SQL_DB', 'origin': 'API', 'method': 'select', 'type': 'request', 'content': {'table': 'IdToken', 'filters': {'id_token': '1dee35d6-ed03-4882-9762-86197f258a74'}}, 'cp_id': 'CP_1', 'status': None}
SQL_DB - INFO - RabbitMQ SENDING Message: {"destination": "API", "origin": "SQL_DB", "method": "select", "type": "response", "content": [{"id_token": "1dee35d6-ed03-4882-9762-86197f258a74", "type": "ISO14443"}], "cp_id": "CP_1", "status": "OK"}
API - INFO - RESPONSE: {'destination': 'API', 'origin': 'SQL_DB', 'method': 'select', 'type': 'response', 'content': [{'id_token': '1dee35d6-ed03-4882-9762-86197f258a74', 'type': 'ISO14443'}], 'cp_id': 'CP_1', 'status': 'OK'}
API - INFO - RabbitMQ SENDING Message: {"destination": "Ocpp_Server", "origin": "API", "method": "reserveNow", "type": "request", "content": {"evse_id": 1, "id_token": {"id_token": "1dee35d6-ed03-4882-9762-86197f258a74", "type": "ISO14443"}, "expiry_date_time": "2023-03-29 09:22:58"}, "cp_id": "CP_1", "status": null}
INFO:Ocpp_Server:RECEIVED: {'destination': 'Ocpp_Server', 'origin': 'API', 'method': 'reserveNow', 'type': 'request', 'content': {'evse_id': 1, 'id_token': {'id_token': '1dee35d6-ed03-4882-9762-86197f258a74', 'type': 'ISO14443'}, 'expiry_date_time': '2023-03-29 09:22:58'}, 'cp_id': 'CP_1', 'status': None}
INFO:ocpp:CP_1: send [2,"33159cd3-325e-4c79-8c88-ada7436b02bf","ReserveNow",{"id":78,"expiryDateTime":"2023-03-29 09:22:58","idToken":{"idToken":"1dee35d6-ed03-4882-9762-86197f258a74","type":"ISO14443"},"evseId":1}]
INFO:ocpp:CP_1: receive message [2,"132a73cb-5387-4804-a5fc-16e52ae08ec9","Heartbeat",{}]
INFO:ocpp:CP_1: send [3,"132a73cb-5387-4804-a5fc-16e52ae08ec9",{"currentTime":"2023-03-29T08:23:18.936283"}]
INFO:Ocpp_Server:RabbitMQ SENDING Message: {"destination": null, "origin": "Ocpp_Server", "method": "update", "type": "ocpp_log", "content": {"table": "Charge_Point", "filters": {"cp_id": "CP_1"}, "values": {"is_online": true}}, "cp_id": "CP_1", "status": null}
SQL_DB - INFO - RECEIVED: {'destination': None, 'origin': 'Ocpp_Server', 'method': 'update', 'type': 'ocpp_log', 'content': {'table': 'Charge_Point', 'filters': {'cp_id': 'CP_1'}, 'values': {'is_online': True}}, 'cp_id': 'CP_1', 'status': None}
API - INFO - RECEIVED: {'destination': None, 'origin': 'Ocpp_Server', 'method': 'update', 'type': 'ocpp_log', 'content': {'table': 'Charge_Point', 'filters': {'cp_id': 'CP_1'}, 'values': {'is_online': True}}, 'cp_id': 'CP_1', 'status': None}
ERROR:Ocpp_Server:Traceback (most recent call last):
  File "/usr/lib/python3.10/asyncio/queues.py", line 159, in get
    await getter
asyncio.exceptions.CancelledError

During handling of the above exception, another exception occurred:

Traceback (most recent call last):
  File "/usr/lib/python3.10/asyncio/tasks.py", line 456, in wait_for
    return fut.result()
asyncio.exceptions.CancelledError

The above exception was the direct cause of the following exception:

Traceback (most recent call last):
  File "/home/it2s/.local/lib/python3.10/site-packages/ocpp/charge_point.py", line 274, in call
    await self._get_specific_response(call.unique_id,
  File "/home/it2s/.local/lib/python3.10/site-packages/ocpp/charge_point.py", line 307, in _get_specific_response
    response = await asyncio.wait_for(self._response_queue.get(),
  File "/usr/lib/python3.10/asyncio/tasks.py", line 458, in wait_for
    raise exceptions.TimeoutError() from exc
asyncio.exceptions.TimeoutError

During handling of the above exception, another exception occurred:

Traceback (most recent call last):
  File "/home/it2s/Desktop/joao_csms/IT_CSMS/src/rabbit_mq/rabbit_handler.py", line 122, in on_request
    response_content = await self.handle_request(request)
  File "/home/it2s/Desktop/joao_csms/IT_CSMS/src/CSMS/ocpp_server/ocpp_server.py", line 163, in handle_api_request
    content = await self.connected_CPs[str(cp_id)].send_CP_Message(**request.__dict__)
  File "/home/it2s/Desktop/joao_csms/IT_CSMS/src/CSMS/ocpp_server/chargePointRepr.py", line 53, in send_CP_Message
    return await getattr(self, method)(**content)
  File "/home/it2s/Desktop/joao_csms/IT_CSMS/src/CSMS/ocpp_server/chargePointRepr.py", line 621, in reserveNow
    response = await self.call(request, suppress=False)
  File "/home/it2s/.local/lib/python3.10/site-packages/ocpp/charge_point.py", line 277, in call
    raise asyncio.TimeoutError(
asyncio.exceptions.TimeoutError: Waited 30s for response on [2,"33159cd3-325e-4c79-8c88-ada7436b02bf","ReserveNow",{"id":78,"expiryDateTime":"2023-03-29 09:22:58","idToken":{"idToken":"1dee35d6-ed03-4882-9762-86197f258a74","type":"ISO14443"},"evseId":1}].

INFO:Ocpp_Server:RabbitMQ SENDING Message: {"destination": "API", "origin": "Ocpp_Server", "method": "reserveNow", "type": "response", "content": "Ocpp_Server error", "cp_id": "CP_1", "status": "Error"}
API - INFO - RESPONSE: {'destination': 'API', 'origin': 'Ocpp_Server', 'method': 'reserveNow', 'type': 'response', 'content': 'Ocpp_Server error', 'cp_id': 'CP_1', 'status': 'Error'}
INFO:     127.0.0.1:52628 - "POST /ReserveNow?cp_id=CP_1&evse_id=1 HTTP/1.1" 500 Internal Server Error
INFO:ocpp:CP_1: receive message [2,"30afbf63-ed79-481f-81ee-b0be310f9024","Heartbeat",{}]
INFO:ocpp:CP_1: send [3,"30afbf63-ed79-481f-81ee-b0be310f9024",{"currentTime":"2023-03-29T08:23:48.694161"}]
INFO:ocpp:CP_1: receive message [2,"269ed85f-ec7a-4251-8d00-e9d633cfbbdb","Heartbeat",{}]
INFO:ocpp:CP_1: send [3,"269ed85f-ec7a-4251-8d00-e9d633cfbbdb",{"currentTime":"2023-03-29T08:24:18.638403"}]
INFO:ocpp:CP_1: receive message [2,"119bb5c4-2048-4309-bf31-d9a3b68a27a4","Heartbeat",{}]
INFO:ocpp:CP_1: send [3,"119bb5c4-2048-4309-bf31-d9a3b68a27a4",{"currentTime":"2023-03-29T08:24:48.646397"}]
INFO:     127.0.0.1:46194 - "POST /update_auth_list/CP_1?update_type=full HTTP/1.1" 401 Unauthorized
INFO:ocpp:CP_1: receive message [2,"fd1b4fec-7a74-4e8b-8344-cbf9bbd87d85","Heartbeat",{}]
INFO:ocpp:CP_1: send [3,"fd1b4fec-7a74-4e8b-8344-cbf9bbd87d85",{"currentTime":"2023-03-29T08:25:19.423514"}]
API - INFO - RabbitMQ SENDING Message: {"destination": "SQL_DB", "origin": "API", "method": "login", "type": "request", "content": {"email": "admin", "password": "admin"}, "cp_id": null, "status": null}
SQL_DB - INFO - RECEIVED: {'destination': 'SQL_DB', 'origin': 'API', 'method': 'login', 'type': 'request', 'content': {'email': 'admin', 'password': 'admin'}, 'cp_id': None, 'status': None}
SQL_DB - INFO - RabbitMQ SENDING Message: {"destination": "API", "origin": "SQL_DB", "method": "login", "type": "response", "content": {"id": 2, "permission_level": 2, "id_token": null}, "cp_id": null, "status": "OK"}
API - INFO - RESPONSE: {'destination': 'API', 'origin': 'SQL_DB', 'method': 'login', 'type': 'response', 'content': {'id': 2, 'permission_level': 2, 'id_token': None}, 'cp_id': None, 'status': 'OK'}
INFO:     127.0.0.1:51180 - "GET /login?email=admin&password=admin HTTP/1.1" 200 OK
API - INFO - RabbitMQ SENDING Message: {"destination": "SQL_DB", "origin": "API", "method": "select", "type": "request", "content": {"table": "IdToken", "mode": {"id_token_info": {"group_id_token": {}, "evse": {}}}}, "cp_id": "CP_1", "status": null}
SQL_DB - INFO - RECEIVED: {'destination': 'SQL_DB', 'origin': 'API', 'method': 'select', 'type': 'request', 'content': {'table': 'IdToken', 'mode': {'id_token_info': {'group_id_token': {}, 'evse': {}}}}, 'cp_id': 'CP_1', 'status': None}
SQL_DB - INFO - RabbitMQ SENDING Message: {"destination": "API", "origin": "SQL_DB", "method": "select", "type": "response", "content": [{"id_token": "", "type": "NoAuthorization", "id_token_info": null}, {"id_token": "1dee35d6-ed03-4882-9762-86197f258a74", "type": "ISO14443", "id_token_info": {"cache_expiry_date_time": null, "language1": "PT", "valid": true, "charging_priority": null, "language2": null, "group_id_token": null, "evse": [1, 2]}}, {"id_token": "test_idToken", "type": "Local", "id_token_info": {"cache_expiry_date_time": null, "language1": null, "valid": true, "charging_priority": null, "language2": null, "group_id_token": null, "evse": [1, 2, 3]}}], "cp_id": "CP_1", "status": "OK"}
API - INFO - RESPONSE: {'destination': 'API', 'origin': 'SQL_DB', 'method': 'select', 'type': 'response', 'content': [{'id_token': '', 'type': 'NoAuthorization', 'id_token_info': None}, {'id_token': '1dee35d6-ed03-4882-9762-86197f258a74', 'type': 'ISO14443', 'id_token_info': {'cache_expiry_date_time': None, 'language1': 'PT', 'valid': True, 'charging_priority': None, 'language2': None, 'group_id_token': None, 'evse': [1, 2]}}, {'id_token': 'test_idToken', 'type': 'Local', 'id_token_info': {'cache_expiry_date_time': None, 'language1': None, 'valid': True, 'charging_priority': None, 'language2': None, 'group_id_token': None, 'evse': [1, 2, 3]}}], 'cp_id': 'CP_1', 'status': 'OK'}
API - INFO - RabbitMQ SENDING Message: {"destination": "Ocpp_Server", "origin": "API", "method": "sendAuhorizationList", "type": "request", "content": {"update_type": "Full", "local_authorization_list": [{"id_token": {"id_token": "", "type": "NoAuthorization", "id_token_info": null}, "id_token_info": null}, {"id_token": {"id_token": "1dee35d6-ed03-4882-9762-86197f258a74", "type": "ISO14443"}, "id_token_info": {"cache_expiry_date_time": null, "language1": "PT", "valid": true, "charging_priority": null, "language2": null, "group_id_token": null, "evse_id": [1, 2]}}, {"id_token": {"id_token": "test_idToken", "type": "Local"}, "id_token_info": {"cache_expiry_date_time": null, "language1": null, "valid": true, "charging_priority": null, "language2": null, "group_id_token": null, "evse_id": [1, 2, 3]}}]}, "cp_id": "CP_1", "status": null}
INFO:Ocpp_Server:RECEIVED: {'destination': 'Ocpp_Server', 'origin': 'API', 'method': 'sendAuhorizationList', 'type': 'request', 'content': {'update_type': 'Full', 'local_authorization_list': [{'id_token': {'id_token': '', 'type': 'NoAuthorization', 'id_token_info': None}, 'id_token_info': None}, {'id_token': {'id_token': '1dee35d6-ed03-4882-9762-86197f258a74', 'type': 'ISO14443'}, 'id_token_info': {'cache_expiry_date_time': None, 'language1': 'PT', 'valid': True, 'charging_priority': None, 'language2': None, 'group_id_token': None, 'evse_id': [1, 2]}}, {'id_token': {'id_token': 'test_idToken', 'type': 'Local'}, 'id_token_info': {'cache_expiry_date_time': None, 'language1': None, 'valid': True, 'charging_priority': None, 'language2': None, 'group_id_token': None, 'evse_id': [1, 2, 3]}}]}, 'cp_id': 'CP_1', 'status': None}
INFO:Ocpp_Server:RabbitMQ SENDING Message: {"destination": "SQL_DB", "origin": "Ocpp_Server", "method": "select", "type": "request", "content": {"table": "EVSE", "filters": {"cp_id": "CP_1"}}, "cp_id": "CP_1", "status": null}
SQL_DB - INFO - RECEIVED: {'destination': 'SQL_DB', 'origin': 'Ocpp_Server', 'method': 'select', 'type': 'request', 'content': {'table': 'EVSE', 'filters': {'cp_id': 'CP_1'}}, 'cp_id': 'CP_1', 'status': None}
SQL_DB - INFO - RabbitMQ SENDING Message: {"destination": "Ocpp_Server", "origin": "SQL_DB", "method": "select", "type": "response", "content": [{"cp_id": "CP_1", "evse_id": 1}, {"cp_id": "CP_1", "evse_id": 2}, {"cp_id": "CP_1", "evse_id": 3}], "cp_id": "CP_1", "status": "OK"}
INFO:Ocpp_Server:RESPONSE: {'destination': 'Ocpp_Server', 'origin': 'SQL_DB', 'method': 'select', 'type': 'response', 'content': [{'cp_id': 'CP_1', 'evse_id': 1}, {'cp_id': 'CP_1', 'evse_id': 2}, {'cp_id': 'CP_1', 'evse_id': 3}], 'cp_id': 'CP_1', 'status': 'OK'}
INFO:Ocpp_Server:RabbitMQ SENDING Message: {"destination": "SQL_DB", "origin": "Ocpp_Server", "method": "select", "type": "request", "content": {"table": "EVSE", "filters": {"cp_id": "CP_1"}}, "cp_id": "CP_1", "status": null}
SQL_DB - INFO - RECEIVED: {'destination': 'SQL_DB', 'origin': 'Ocpp_Server', 'method': 'select', 'type': 'request', 'content': {'table': 'EVSE', 'filters': {'cp_id': 'CP_1'}}, 'cp_id': 'CP_1', 'status': None}
SQL_DB - INFO - RabbitMQ SENDING Message: {"destination": "Ocpp_Server", "origin": "SQL_DB", "method": "select", "type": "response", "content": [{"cp_id": "CP_1", "evse_id": 1}, {"cp_id": "CP_1", "evse_id": 2}, {"cp_id": "CP_1", "evse_id": 3}], "cp_id": "CP_1", "status": "OK"}
INFO:Ocpp_Server:RESPONSE: {'destination': 'Ocpp_Server', 'origin': 'SQL_DB', 'method': 'select', 'type': 'response', 'content': [{'cp_id': 'CP_1', 'evse_id': 1}, {'cp_id': 'CP_1', 'evse_id': 2}, {'cp_id': 'CP_1', 'evse_id': 3}], 'cp_id': 'CP_1', 'status': 'OK'}
INFO:ocpp:CP_1: send [2,"4536d660-768d-493e-bd74-003c9f8e8331","GetLocalListVersion",{}]
INFO:ocpp:CP_1: receive message [3,"4536d660-768d-493e-bd74-003c9f8e8331",{"versionNumber":0}]
INFO:ocpp:CP_1: send [2,"4356b821-58c1-4958-81bd-3a08cc010788","GetVariables",{"getVariableData":[{"component":{"name":"DeviceDataCtrlr"},"variable":{"name":"ItemsPerMessage","instance":"GetVariables"}}]}]
INFO:ocpp:CP_1: receive message [3,"4356b821-58c1-4958-81bd-3a08cc010788",{"getVariableResult":[{"attributeStatus":"Accepted","attributeStatusInfo":{"reasonCode":"NoError"},"attributeType":"Actual","attributeValue":"20","component":{"name":"DeviceDataCtrlr"},"variable":{"instance":"GetVariables","name":"ItemsPerMessage"}}]}]
CP_1 - INFO - Max number of getvariables supported is 20
CP_1 - INFO - Max number of getvariables supported is 20
CP_1 - INFO - Max number of getvariables supported is 20
CP_1 - INFO - Max number of getvariables supported is 20
INFO:CP_1:Max number of getvariables supported is 20
INFO:ocpp:CP_1: send [2,"bc0aee74-987c-4a49-8b67-def2446a8139","GetVariables",{"getVariableData":[{"component":{"name":"LocalAuthListCtrlr"},"variable":{"name":"ItemsPerMessage"},"attributeType":"Actual"},{"component":{"name":"LocalAuthListCtrlr"},"variable":{"name":"BytesPerMessage"},"attributeType":"Actual"}]}]
INFO:ocpp:CP_1: receive message [3,"bc0aee74-987c-4a49-8b67-def2446a8139",{"getVariableResult":[{"attributeStatus":"Accepted","attributeStatusInfo":{"reasonCode":"NoError"},"attributeType":"Actual","attributeValue":"20","component":{"name":"LocalAuthListCtrlr"},"variable":{"name":"ItemsPerMessage"}},{"attributeStatus":"Accepted","attributeStatusInfo":{"reasonCode":"NoError"},"attributeType":"Actual","attributeValue":"2000","component":{"name":"LocalAuthListCtrlr"},"variable":{"name":"BytesPerMessage"}}]}]
INFO:ocpp:CP_1: send [2,"875a2484-d11b-4e24-bd45-2078570196f5","SendLocalList",{"versionNumber":1,"updateType":"Full","localAuthorizationList":[{"idToken":{"idToken":"","type":"NoAuthorization"}},{"idToken":{"idToken":"1dee35d6-ed03-4882-9762-86197f258a74","type":"ISO14443"},"idTokenInfo":{"language1":"PT","evseId":[1,2],"status":"Accepted"}},{"idToken":{"idToken":"test_idToken","type":"Local"},"idTokenInfo":{"status":"Accepted"}}]}]
INFO:ocpp:CP_1: receive message [3,"875a2484-d11b-4e24-bd45-2078570196f5",{"status":"Failed","statusInfo":{"additionalInfo":"AuthList Not Enabled","reasonCode":"InvalidValue"}}]
INFO:Ocpp_Server:RabbitMQ SENDING Message: {"destination": "API", "origin": "Ocpp_Server", "method": "sendAuhorizationList", "type": "response", "content": [{"status": "Failed", "status_info": {"additional_info": "AuthList Not Enabled", "reason_code": "InvalidValue"}}], "cp_id": "CP_1", "status": "OK"}
API - INFO - RESPONSE: {'destination': 'API', 'origin': 'Ocpp_Server', 'method': 'sendAuhorizationList', 'type': 'response', 'content': [{'status': 'Failed', 'status_info': {'additional_info': 'AuthList Not Enabled', 'reason_code': 'InvalidValue'}}], 'cp_id': 'CP_1', 'status': 'OK'}
INFO:     127.0.0.1:39106 - "POST /update_auth_list/CP_1?update_type=full HTTP/1.1" 200 OK
INFO:ocpp:CP_1: receive message [2,"430b2c66-15f4-45cd-af9e-08d0a4b9cb04","Heartbeat",{}]
INFO:ocpp:CP_1: send [3,"430b2c66-15f4-45cd-af9e-08d0a4b9cb04",{"currentTime":"2023-03-29T08:25:49.090075"}]
INFO:ocpp:CP_1: receive message [2,"fddecfd2-8ab2-4cc2-b612-5a844877c954","Heartbeat",{}]
INFO:ocpp:CP_1: send [3,"fddecfd2-8ab2-4cc2-b612-5a844877c954",{"currentTime":"2023-03-29T08:26:18.948076"}]
INFO:ocpp:CP_1: receive message [2,"de341127-f2c2-49a7-9d02-142a413ac2ef","Heartbeat",{}]
INFO:ocpp:CP_1: send [3,"de341127-f2c2-49a7-9d02-142a413ac2ef",{"currentTime":"2023-03-29T08:26:48.677821"}]
API - INFO - RabbitMQ SENDING Message: {"destination": "Ocpp_Server", "origin": "API", "method": "changeAvailability", "type": "request", "content": {"operational_status": "Inoperative", "evse": {"id": 1, "connector_id": 1}}, "cp_id": "CP_1", "status": null}
INFO:Ocpp_Server:RECEIVED: {'destination': 'Ocpp_Server', 'origin': 'API', 'method': 'changeAvailability', 'type': 'request', 'content': {'operational_status': 'Inoperative', 'evse': {'id': 1, 'connector_id': 1}}, 'cp_id': 'CP_1', 'status': None}
INFO:ocpp:CP_1: send [2,"86420618-3e66-420e-ae52-fdfe7513e33d","ChangeAvailability",{"operationalStatus":"Inoperative","evse":{"id":1,"connectorId":1}}]
INFO:ocpp:CP_1: receive message [3,"86420618-3e66-420e-ae52-fdfe7513e33d",{"status":"Accepted"}]
INFO:ocpp:CP_1: receive message [2,"eea89ae0-96f3-4c60-8ad5-160fe125d0bf","StatusNotification",{"connectorId":1,"connectorStatus":"Unavailable","evseId":1,"timestamp":"2023-03-29T08:26:52Z"}]
INFO:Ocpp_Server:RabbitMQ SENDING Message: {"destination": null, "origin": "Ocpp_Server", "method": "StatusNotification", "type": "ocpp_log", "content": {"connector_id": 1, "connector_status": "Unavailable", "evse_id": 1, "timestamp": "2023-03-29T08:26:52Z"}, "cp_id": "CP_1", "status": null}
INFO:Ocpp_Server:RabbitMQ SENDING Message: {"destination": "API", "origin": "Ocpp_Server", "method": "changeAvailability", "type": "response", "content": {"status": "Accepted", "status_info": null}, "cp_id": "CP_1", "status": "OK"}
INFO:ocpp:CP_1: send [3,"eea89ae0-96f3-4c60-8ad5-160fe125d0bf",{}]
SQL_DB - INFO - RECEIVED: {'destination': None, 'origin': 'Ocpp_Server', 'method': 'StatusNotification', 'type': 'ocpp_log', 'content': {'connector_id': 1, 'connector_status': 'Unavailable', 'evse_id': 1, 'timestamp': '2023-03-29T08:26:52Z'}, 'cp_id': 'CP_1', 'status': None}
API - INFO - RECEIVED: {'destination': None, 'origin': 'Ocpp_Server', 'method': 'StatusNotification', 'type': 'ocpp_log', 'content': {'connector_id': 1, 'connector_status': 'Unavailable', 'evse_id': 1, 'timestamp': '2023-03-29T08:26:52Z'}, 'cp_id': 'CP_1', 'status': None}
API - INFO - RESPONSE: {'destination': 'API', 'origin': 'Ocpp_Server', 'method': 'changeAvailability', 'type': 'response', 'content': {'status': 'Accepted', 'status_info': None}, 'cp_id': 'CP_1', 'status': 'OK'}
INFO:     127.0.0.1:56896 - "POST /ChangeAvailability/CP_1 HTTP/1.1" 200 OK
INFO:ocpp:CP_1: receive message [2,"e32a7638-7517-435e-9a02-0a4e54d106dd","Heartbeat",{}]
INFO:ocpp:CP_1: send [3,"e32a7638-7517-435e-9a02-0a4e54d106dd",{"currentTime":"2023-03-29T08:27:19.154223"}]
INFO:ocpp:CP_1: receive message [2,"a061cb2c-f292-4901-a24c-d27cd83f2cff","Heartbeat",{}]
INFO:ocpp:CP_1: send [3,"a061cb2c-f292-4901-a24c-d27cd83f2cff",{"currentTime":"2023-03-29T08:27:48.734170"}]
INFO:ocpp:CP_1: receive message [2,"f3e9c82f-6114-4827-b0a8-162fb1ad5729","Heartbeat",{}]
INFO:ocpp:CP_1: send [3,"f3e9c82f-6114-4827-b0a8-162fb1ad5729",{"currentTime":"2023-03-29T08:28:19.259023"}]
INFO:ocpp:CP_1: receive message [2,"cb1f78ef-a2b2-4a73-89eb-8f4d16cce0d8","Heartbeat",{}]
INFO:ocpp:CP_1: send [3,"cb1f78ef-a2b2-4a73-89eb-8f4d16cce0d8",{"currentTime":"2023-03-29T08:28:49.875935"}]
INFO:ocpp:CP_1: receive message [2,"439d9a70-2714-4fed-9dd8-d0307722f1d0","Heartbeat",{}]
INFO:ocpp:CP_1: send [3,"439d9a70-2714-4fed-9dd8-d0307722f1d0",{"currentTime":"2023-03-29T08:29:18.749898"}]
INFO:ocpp:CP_1: receive message [2,"e866457e-c3a8-42ae-b9d1-542d871ce2da","Heartbeat",{}]
INFO:ocpp:CP_1: send [3,"e866457e-c3a8-42ae-b9d1-542d871ce2da",{"currentTime":"2023-03-29T08:29:48.816395"}]
SQL_DB - INFO - DB Shuting down
INFO:Ocpp_Server:OCPP Server Shuting down
INFO:websockets.server:connection closed
INFO:     Shutting down
INFO:     Waiting for application shutdown.
INFO:     Application shutdown complete.
INFO:     Finished server process [16712]
